This file contains any messages produced by compilers while
running configure, to aid debugging if configure makes a mistake.

It was created by zlib configure 1.1.4, which was
generated by GNU Autoconf 2.69.  Invocation command line was

  $ /workspace/test/gogo/gcc-10.2.0/zlib/configure --srcdir=../../zlib --cache-file=./config.cache --with-glibc-version=2.11 --with-newlib --without-headers --enable-initfini-array --disable-nls --disable-shared --disable-multilib --disable-decimal-float --disable-threads --disable-libatomic --disable-libgomp --disable-libquadmath --disable-libssp --disable-libvtv --disable-libstdcxx --enable-languages=c,c++,lto --program-transform-name=s&^&x86_64-lfs-linux-gnu-& --disable-option-checking --build=x86_64-pc-linux-gnu --host=x86_64-pc-linux-gnu --target=x86_64-lfs-linux-gnu

## --------- ##
## Platform. ##
## --------- ##

hostname = ws-032fc029-e135-4b5f-9ff4-63995f0df887
uname -m = x86_64
uname -r = 4.14.138+
uname -s = Linux
uname -v = #1 SMP Tue Sep 3 02:58:08 PDT 2019

/usr/bin/uname -p = x86_64
/bin/uname -X     = unknown

/bin/arch              = x86_64
/usr/bin/arch -k       = unknown
/usr/convex/getsysinfo = unknown
/usr/bin/hostinfo      = unknown
/bin/machine           = unknown
/usr/bin/oslevel       = unknown
/bin/universe          = unknown

PATH: /home/gitpod/.cargo/bin
PATH: /home/gitpod/.pyenv/plugins/pyenv-virtualenv/shims
PATH: /home/gitpod/.pyenv/shims
PATH: /workspace/.cargo/bin
PATH: /workspace/.pip-modules/bin
PATH: /workspace/.rvm/bin
PATH: /home/gitpod/.cargo/bin
PATH: /home/gitpod/.sdkman/candidates/maven/current/bin
PATH: /home/gitpod/.sdkman/candidates/java/current/bin
PATH: /home/gitpod/.sdkman/candidates/gradle/current/bin
PATH: /home/gitpod/.cargo/bin
PATH: /home/gitpod/.rvm/gems/ruby-2.6.6/bin
PATH: /home/gitpod/.rvm/gems/ruby-2.6.6@global/bin
PATH: /home/gitpod/.rvm/rubies/ruby-2.6.6/bin
PATH: /home/gitpod/.pyenv/plugins/pyenv-virtualenv/shims
PATH: /home/gitpod/.pyenv/shims
PATH: /workspace/.cargo/bin
PATH: /workspace/.pip-modules/bin
PATH: /workspace/.rvm/bin
PATH: /home/gitpod/.pyenv/bin
PATH: /home/gitpod/.pyenv/shims
PATH: /workspace/go/bin
PATH: /home/gitpod/go/bin
PATH: /home/gitpod/go-packages/bin
PATH: /usr/local/sbin
PATH: /usr/local/bin
PATH: /usr/sbin
PATH: /usr/bin
PATH: /sbin
PATH: /bin
PATH: /home/linuxbrew/.linuxbrew/bin
PATH: /home/linuxbrew/.linuxbrew/sbin/
PATH: /home/gitpod/.nvm/versions/node/v12.18.3/bin
PATH: /home/gitpod/.rvm/bin
PATH: /home/gitpod/.rvm/bin
PATH: /home/gitpod/.rvm/bin


## ----------- ##
## Core tests. ##
## ----------- ##

configure:2150: creating cache ./config.cache
configure:2304: checking build system type
configure:2318: result: x86_64-pc-linux-gnu
configure:2338: checking host system type
configure:2351: result: x86_64-pc-linux-gnu
configure:2371: checking target system type
configure:2384: result: x86_64-lfs-linux-gnu
configure:2432: checking for a BSD-compatible install
configure:2500: result: /usr/bin/install -c
configure:2511: checking whether build environment is sane
configure:2566: result: yes
configure:2715: checking for a thread-safe mkdir -p
configure:2754: result: /usr/bin/mkdir -p
configure:2761: checking for gawk
configure:2788: result: gawk
configure:2799: checking whether make sets $(MAKE)
configure:2821: result: yes
configure:2850: checking whether make supports nested variables
configure:2867: result: yes
configure:2995: checking whether to enable maintainer-specific portions of Makefiles
configure:3004: result: no
configure:3075: checking for x86_64-pc-linux-gnu-gcc
configure:3102: result: gcc
configure:3371: checking for C compiler version
configure:3380: gcc --version >&5
gcc (Ubuntu 9.3.0-10ubuntu2) 9.3.0
Copyright (C) 2019 Free Software Foundation, Inc.
This is free software; see the source for copying conditions.  There is NO
warranty; not even for MERCHANTABILITY or FITNESS FOR A PARTICULAR PURPOSE.

configure:3391: $? = 0
configure:3380: gcc -v >&5
Using built-in specs.
COLLECT_GCC=gcc
COLLECT_LTO_WRAPPER=/usr/lib/gcc/x86_64-linux-gnu/9/lto-wrapper
OFFLOAD_TARGET_NAMES=nvptx-none:hsa
OFFLOAD_TARGET_DEFAULT=1
Target: x86_64-linux-gnu
Configured with: ../src/configure -v --with-pkgversion='Ubuntu 9.3.0-10ubuntu2' --with-bugurl=file:///usr/share/doc/gcc-9/README.Bugs --enable-languages=c,ada,c++,go,brig,d,fortran,objc,obj-c++,gm2 --prefix=/usr --with-gcc-major-version-only --program-suffix=-9 --program-prefix=x86_64-linux-gnu- --enable-shared --enable-linker-build-id --libexecdir=/usr/lib --without-included-gettext --enable-threads=posix --libdir=/usr/lib --enable-nls --enable-clocale=gnu --enable-libstdcxx-debug --enable-libstdcxx-time=yes --with-default-libstdcxx-abi=new --enable-gnu-unique-object --disable-vtable-verify --enable-plugin --enable-default-pie --with-system-zlib --with-target-system-zlib=auto --enable-objc-gc=auto --enable-multiarch --disable-werror --with-arch-32=i686 --with-abi=m64 --with-multilib-list=m32,m64,mx32 --enable-multilib --with-tune=generic --enable-offload-targets=nvptx-none,hsa --without-cuda-driver --enable-checking=release --build=x86_64-linux-gnu --host=x86_64-linux-gnu --target=x86_64-linux-gnu
Thread model: posix
gcc version 9.3.0 (Ubuntu 9.3.0-10ubuntu2) 
configure:3391: $? = 0
configure:3380: gcc -V >&5
gcc: error: unrecognized command line option '-V'
gcc: fatal error: no input files
compilation terminated.
configure:3391: $? = 1
configure:3380: gcc -qversion >&5
gcc: error: unrecognized command line option '-qversion'; did you mean '--version'?
gcc: fatal error: no input files
compilation terminated.
configure:3391: $? = 1
configure:3407: gcc -o conftest -H  -static-libstdc++ -static-libgcc  conftest.c  >&5
configure:3410: $? = 0
configure:3439: checking whether the C compiler works
configure:3461: gcc -H  -static-libstdc++ -static-libgcc  conftest.c  >&5
configure:3465: $? = 0
configure:3513: result: yes
configure:3516: checking for C compiler default output file name
configure:3518: result: a.out
configure:3524: checking for suffix of executables
configure:3531: gcc -o conftest -H  -static-libstdc++ -static-libgcc  conftest.c  >&5
configure:3535: $? = 0
configure:3557: result: 
configure:3579: checking whether we are cross compiling
configure:3587: gcc -o conftest -H  -static-libstdc++ -static-libgcc  conftest.c  >&5
. /usr/include/stdio.h
.. /usr/include/x86_64-linux-gnu/bits/libc-header-start.h
... /usr/include/features.h
.... /usr/include/x86_64-linux-gnu/sys/cdefs.h
..... /usr/include/x86_64-linux-gnu/bits/wordsize.h
..... /usr/include/x86_64-linux-gnu/bits/long-double.h
.... /usr/include/x86_64-linux-gnu/gnu/stubs.h
..... /usr/include/x86_64-linux-gnu/gnu/stubs-64.h
.. /usr/lib/gcc/x86_64-linux-gnu/9/include/stddef.h
.. /usr/lib/gcc/x86_64-linux-gnu/9/include/stdarg.h
.. /usr/include/x86_64-linux-gnu/bits/types.h
... /usr/include/x86_64-linux-gnu/bits/wordsize.h
... /usr/include/x86_64-linux-gnu/bits/timesize.h
... /usr/include/x86_64-linux-gnu/bits/typesizes.h
... /usr/include/x86_64-linux-gnu/bits/time64.h
.. /usr/include/x86_64-linux-gnu/bits/types/__fpos_t.h
... /usr/include/x86_64-linux-gnu/bits/types/__mbstate_t.h
.. /usr/include/x86_64-linux-gnu/bits/types/__fpos64_t.h
.. /usr/include/x86_64-linux-gnu/bits/types/__FILE.h
.. /usr/include/x86_64-linux-gnu/bits/types/FILE.h
.. /usr/include/x86_64-linux-gnu/bits/types/struct_FILE.h
.. /usr/include/x86_64-linux-gnu/bits/stdio_lim.h
.. /usr/include/x86_64-linux-gnu/bits/sys_errlist.h
Multiple include guards may be useful for:
/usr/include/x86_64-linux-gnu/bits/libc-header-start.h
/usr/include/x86_64-linux-gnu/bits/long-double.h
/usr/include/x86_64-linux-gnu/bits/sys_errlist.h
/usr/include/x86_64-linux-gnu/bits/time64.h
/usr/include/x86_64-linux-gnu/bits/timesize.h
/usr/include/x86_64-linux-gnu/bits/typesizes.h
/usr/include/x86_64-linux-gnu/gnu/stubs-64.h
/usr/include/x86_64-linux-gnu/gnu/stubs.h
/usr/lib/gcc/x86_64-linux-gnu/9/include/stddef.h
configure:3591: $? = 0
configure:3598: ./conftest
configure:3602: $? = 0
configure:3617: result: no
configure:3590: checking for suffix of object files
configure:3612: gcc -c -H  conftest.c >&5
configure:3616: $? = 0
configure:3637: result: o
configure:3641: checking whether we are using the GNU C compiler
configure:3660: gcc -c -H  conftest.c >&5
configure:3660: $? = 0
configure:3669: result: yes
configure:3678: checking whether gcc accepts -g
configure:3698: gcc -c -g  conftest.c >&5
configure:3698: $? = 0
configure:3739: result: yes
configure:3756: checking for gcc option to accept ISO C89
configure:3819: gcc  -c -H  conftest.c >&5
. /usr/lib/gcc/x86_64-linux-gnu/9/include/stdarg.h
. /usr/include/stdio.h
.. /usr/include/x86_64-linux-gnu/bits/libc-header-start.h
... /usr/include/features.h
.... /usr/include/x86_64-linux-gnu/sys/cdefs.h
..... /usr/include/x86_64-linux-gnu/bits/wordsize.h
..... /usr/include/x86_64-linux-gnu/bits/long-double.h
.... /usr/include/x86_64-linux-gnu/gnu/stubs.h
..... /usr/include/x86_64-linux-gnu/gnu/stubs-64.h
.. /usr/lib/gcc/x86_64-linux-gnu/9/include/stddef.h
.. /usr/include/x86_64-linux-gnu/bits/types.h
... /usr/include/x86_64-linux-gnu/bits/wordsize.h
... /usr/include/x86_64-linux-gnu/bits/timesize.h
... /usr/include/x86_64-linux-gnu/bits/typesizes.h
... /usr/include/x86_64-linux-gnu/bits/time64.h
.. /usr/include/x86_64-linux-gnu/bits/types/__fpos_t.h
... /usr/include/x86_64-linux-gnu/bits/types/__mbstate_t.h
.. /usr/include/x86_64-linux-gnu/bits/types/__fpos64_t.h
.. /usr/include/x86_64-linux-gnu/bits/types/__FILE.h
.. /usr/include/x86_64-linux-gnu/bits/types/FILE.h
.. /usr/include/x86_64-linux-gnu/bits/types/struct_FILE.h
.. /usr/include/x86_64-linux-gnu/bits/stdio_lim.h
.. /usr/include/x86_64-linux-gnu/bits/sys_errlist.h
Multiple include guards may be useful for:
/usr/include/x86_64-linux-gnu/bits/libc-header-start.h
/usr/include/x86_64-linux-gnu/bits/long-double.h
/usr/include/x86_64-linux-gnu/bits/sys_errlist.h
/usr/include/x86_64-linux-gnu/bits/time64.h
/usr/include/x86_64-linux-gnu/bits/timesize.h
/usr/include/x86_64-linux-gnu/bits/typesizes.h
/usr/include/x86_64-linux-gnu/gnu/stubs-64.h
/usr/include/x86_64-linux-gnu/gnu/stubs.h
/usr/lib/gcc/x86_64-linux-gnu/9/include/stddef.h
configure:3819: $? = 0
configure:3832: result: none needed
configure:3857: checking whether gcc understands -c and -o together
configure:3879: gcc -c conftest.c -o conftest2.o
configure:3882: $? = 0
configure:3879: gcc -c conftest.c -o conftest2.o
configure:3882: $? = 0
configure:3894: result: yes
configure:3922: checking for style of include used by make
configure:3950: result: GNU
configure:3976: checking dependency style of gcc
configure:4087: result: gcc3
configure:4152: checking how to print strings
configure:4179: result: printf
configure:4200: checking for a sed that does not truncate output
configure:4264: result: /usr/bin/sed
configure:4282: checking for grep that handles long lines and -e
configure:4340: result: /usr/bin/grep
configure:4345: checking for egrep
configure:4407: result: /usr/bin/grep -E
configure:4412: checking for fgrep
configure:4474: result: /usr/bin/grep -F
configure:4509: checking for ld used by gcc
configure:4576: result: ld
configure:4583: checking if the linker (ld) is GNU ld
configure:4598: result: yes
configure:4610: checking for BSD- or MS-compatible name lister (nm)
configure:4659: result: nm
configure:4789: checking the name lister (nm) interface
configure:4796: gcc -c -H  conftest.c >&5
configure:4799: nm "conftest.o"
configure:4802: output
0000000000000000 B some_variable
configure:4803: result: BSD nm
configure:4806: checking whether ln -s works
configure:4810: result: yes
configure:4818: checking the maximum length of command line arguments
configure:4943: result: 1572864
configure:4960: checking whether the shell understands some XSI constructs
configure:4969: result: yes
configure:4973: checking whether the shell understands "+="
configure:4977: result: yes
configure:5012: checking for ld option to reload object files
configure:5019: result: -r
configure:5048: checking for x86_64-pc-linux-gnu-objdump
configure:5075: result: objdump
configure:5147: checking how to recognize dependent libraries
configure:5348: result: pass_all
configure:5368: checking for x86_64-pc-linux-gnu-ar
configure:5395: result: ar
configure:5473: checking for x86_64-pc-linux-gnu-strip
configure:5503: result: no
configure:5513: checking for strip
configure:5529: found /usr/bin/strip
configure:5540: result: strip
configure:5572: checking for x86_64-pc-linux-gnu-ranlib
configure:5599: result: ranlib
configure:5741: checking command to parse nm output from gcc object
configure:5859: gcc -c -H  conftest.c >&5
configure:5862: $? = 0
configure:5866: nm conftest.o \| sed -n -e 's/^.*[ ]\([ABCDGIRSTW][ABCDGIRSTW]*\)[ ][ ]*\([_A-Za-z][_A-Za-z0-9]*\)$/\1 \2 \2/p' \> conftest.nm
configure:5869: $? = 0
configure:5923: gcc -o conftest -H  -static-libstdc++ -static-libgcc  conftest.c conftstm.o >&5
configure:5926: $? = 0
configure:5964: result: ok
configure:6060: gcc -c -H  conftest.c >&5
configure:6063: $? = 0
configure:6822: checking how to run the C preprocessor
configure:6853: gcc -E  conftest.c
configure:6853: $? = 0
configure:6867: gcc -E  conftest.c
conftest.c:11:10: fatal error: ac_nonexistent.h: No such file or directory
   11 | #include <ac_nonexistent.h>
      |          ^~~~~~~~~~~~~~~~~~
compilation terminated.
configure:6867: $? = 1
configure: failed program was:
| /* confdefs.h */
| #define PACKAGE_NAME "zlib"
| #define PACKAGE_TARNAME "zlib"
| #define PACKAGE_VERSION "1.1.4"
| #define PACKAGE_STRING "zlib 1.1.4"
| #define PACKAGE_BUGREPORT ""
| #define PACKAGE_URL ""
| #define PACKAGE "zlib"
| #define VERSION "1.1.4"
| /* end confdefs.h.  */
| #include <ac_nonexistent.h>
configure:6892: result: gcc -E
configure:6912: gcc -E  conftest.c
configure:6912: $? = 0
configure:6926: gcc -E  conftest.c
conftest.c:11:10: fatal error: ac_nonexistent.h: No such file or directory
   11 | #include <ac_nonexistent.h>
      |          ^~~~~~~~~~~~~~~~~~
compilation terminated.
configure:6926: $? = 1
configure: failed program was:
| /* confdefs.h */
| #define PACKAGE_NAME "zlib"
| #define PACKAGE_TARNAME "zlib"
| #define PACKAGE_VERSION "1.1.4"
| #define PACKAGE_STRING "zlib 1.1.4"
| #define PACKAGE_BUGREPORT ""
| #define PACKAGE_URL ""
| #define PACKAGE "zlib"
| #define VERSION "1.1.4"
| /* end confdefs.h.  */
| #include <ac_nonexistent.h>
configure:6955: checking for ANSI C header files
configure:6975: gcc -c -H  conftest.c >&5
. /usr/include/stdlib.h
.. /usr/include/x86_64-linux-gnu/bits/libc-header-start.h
... /usr/include/features.h
.... /usr/include/x86_64-linux-gnu/sys/cdefs.h
..... /usr/include/x86_64-linux-gnu/bits/wordsize.h
..... /usr/include/x86_64-linux-gnu/bits/long-double.h
.... /usr/include/x86_64-linux-gnu/gnu/stubs.h
..... /usr/include/x86_64-linux-gnu/gnu/stubs-64.h
.. /usr/lib/gcc/x86_64-linux-gnu/9/include/stddef.h
.. /usr/include/x86_64-linux-gnu/bits/waitflags.h
.. /usr/include/x86_64-linux-gnu/bits/waitstatus.h
.. /usr/include/x86_64-linux-gnu/bits/floatn.h
... /usr/include/x86_64-linux-gnu/bits/floatn-common.h
.... /usr/include/x86_64-linux-gnu/bits/long-double.h
.. /usr/include/x86_64-linux-gnu/sys/types.h
... /usr/include/x86_64-linux-gnu/bits/types.h
.... /usr/include/x86_64-linux-gnu/bits/wordsize.h
.... /usr/include/x86_64-linux-gnu/bits/timesize.h
.... /usr/include/x86_64-linux-gnu/bits/typesizes.h
.... /usr/include/x86_64-linux-gnu/bits/time64.h
... /usr/include/x86_64-linux-gnu/bits/types/clock_t.h
... /usr/include/x86_64-linux-gnu/bits/types/clockid_t.h
... /usr/include/x86_64-linux-gnu/bits/types/time_t.h
... /usr/include/x86_64-linux-gnu/bits/types/timer_t.h
... /usr/lib/gcc/x86_64-linux-gnu/9/include/stddef.h
... /usr/include/x86_64-linux-gnu/bits/stdint-intn.h
... /usr/include/endian.h
.... /usr/include/x86_64-linux-gnu/bits/endian.h
..... /usr/include/x86_64-linux-gnu/bits/endianness.h
.... /usr/include/x86_64-linux-gnu/bits/byteswap.h
.... /usr/include/x86_64-linux-gnu/bits/uintn-identity.h
... /usr/include/x86_64-linux-gnu/sys/select.h
.... /usr/include/x86_64-linux-gnu/bits/select.h
..... /usr/include/x86_64-linux-gnu/bits/wordsize.h
.... /usr/include/x86_64-linux-gnu/bits/types/sigset_t.h
..... /usr/include/x86_64-linux-gnu/bits/types/__sigset_t.h
.... /usr/include/x86_64-linux-gnu/bits/types/struct_timeval.h
.... /usr/include/x86_64-linux-gnu/bits/types/struct_timespec.h
... /usr/include/x86_64-linux-gnu/bits/pthreadtypes.h
.... /usr/include/x86_64-linux-gnu/bits/thread-shared-types.h
..... /usr/include/x86_64-linux-gnu/bits/pthreadtypes-arch.h
...... /usr/include/x86_64-linux-gnu/bits/wordsize.h
..... /usr/include/x86_64-linux-gnu/bits/struct_mutex.h
..... /usr/include/x86_64-linux-gnu/bits/struct_rwlock.h
.. /usr/include/alloca.h
... /usr/lib/gcc/x86_64-linux-gnu/9/include/stddef.h
.. /usr/include/x86_64-linux-gnu/bits/stdlib-float.h
. /usr/lib/gcc/x86_64-linux-gnu/9/include/stdarg.h
. /usr/include/string.h
.. /usr/include/x86_64-linux-gnu/bits/libc-header-start.h
.. /usr/lib/gcc/x86_64-linux-gnu/9/include/stddef.h
.. /usr/include/x86_64-linux-gnu/bits/types/locale_t.h
... /usr/include/x86_64-linux-gnu/bits/types/__locale_t.h
.. /usr/include/strings.h
... /usr/lib/gcc/x86_64-linux-gnu/9/include/stddef.h
. /usr/lib/gcc/x86_64-linux-gnu/9/include/float.h
Multiple include guards may be useful for:
/usr/include/x86_64-linux-gnu/bits/byteswap.h
/usr/include/x86_64-linux-gnu/bits/select.h
/usr/include/x86_64-linux-gnu/bits/stdlib-float.h
/usr/include/x86_64-linux-gnu/bits/time64.h
/usr/include/x86_64-linux-gnu/bits/timesize.h
/usr/include/x86_64-linux-gnu/bits/typesizes.h
/usr/include/x86_64-linux-gnu/bits/uintn-identity.h
/usr/include/x86_64-linux-gnu/bits/waitflags.h
/usr/include/x86_64-linux-gnu/bits/waitstatus.h
/usr/include/x86_64-linux-gnu/gnu/stubs-64.h
/usr/include/x86_64-linux-gnu/gnu/stubs.h
configure:6975: $? = 0
configure:7048: gcc -o conftest -H  -static-libstdc++ -static-libgcc  conftest.c  >&5
. /usr/include/ctype.h
.. /usr/include/features.h
... /usr/include/x86_64-linux-gnu/sys/cdefs.h
.... /usr/include/x86_64-linux-gnu/bits/wordsize.h
.... /usr/include/x86_64-linux-gnu/bits/long-double.h
... /usr/include/x86_64-linux-gnu/gnu/stubs.h
.... /usr/include/x86_64-linux-gnu/gnu/stubs-64.h
.. /usr/include/x86_64-linux-gnu/bits/types.h
... /usr/include/x86_64-linux-gnu/bits/wordsize.h
... /usr/include/x86_64-linux-gnu/bits/timesize.h
... /usr/include/x86_64-linux-gnu/bits/typesizes.h
... /usr/include/x86_64-linux-gnu/bits/time64.h
.. /usr/include/x86_64-linux-gnu/bits/endian.h
... /usr/include/x86_64-linux-gnu/bits/endianness.h
.. /usr/include/x86_64-linux-gnu/bits/types/locale_t.h
... /usr/include/x86_64-linux-gnu/bits/types/__locale_t.h
. /usr/include/stdlib.h
.. /usr/include/x86_64-linux-gnu/bits/libc-header-start.h
.. /usr/lib/gcc/x86_64-linux-gnu/9/include/stddef.h
.. /usr/include/x86_64-linux-gnu/bits/waitflags.h
.. /usr/include/x86_64-linux-gnu/bits/waitstatus.h
.. /usr/include/x86_64-linux-gnu/bits/floatn.h
... /usr/include/x86_64-linux-gnu/bits/floatn-common.h
.... /usr/include/x86_64-linux-gnu/bits/long-double.h
.. /usr/include/x86_64-linux-gnu/sys/types.h
... /usr/include/x86_64-linux-gnu/bits/types/clock_t.h
... /usr/include/x86_64-linux-gnu/bits/types/clockid_t.h
... /usr/include/x86_64-linux-gnu/bits/types/time_t.h
... /usr/include/x86_64-linux-gnu/bits/types/timer_t.h
... /usr/lib/gcc/x86_64-linux-gnu/9/include/stddef.h
... /usr/include/x86_64-linux-gnu/bits/stdint-intn.h
... /usr/include/endian.h
.... /usr/include/x86_64-linux-gnu/bits/byteswap.h
.... /usr/include/x86_64-linux-gnu/bits/uintn-identity.h
... /usr/include/x86_64-linux-gnu/sys/select.h
.... /usr/include/x86_64-linux-gnu/bits/select.h
..... /usr/include/x86_64-linux-gnu/bits/wordsize.h
.... /usr/include/x86_64-linux-gnu/bits/types/sigset_t.h
..... /usr/include/x86_64-linux-gnu/bits/types/__sigset_t.h
.... /usr/include/x86_64-linux-gnu/bits/types/struct_timeval.h
.... /usr/include/x86_64-linux-gnu/bits/types/struct_timespec.h
... /usr/include/x86_64-linux-gnu/bits/pthreadtypes.h
.... /usr/include/x86_64-linux-gnu/bits/thread-shared-types.h
..... /usr/include/x86_64-linux-gnu/bits/pthreadtypes-arch.h
...... /usr/include/x86_64-linux-gnu/bits/wordsize.h
..... /usr/include/x86_64-linux-gnu/bits/struct_mutex.h
..... /usr/include/x86_64-linux-gnu/bits/struct_rwlock.h
.. /usr/include/alloca.h
... /usr/lib/gcc/x86_64-linux-gnu/9/include/stddef.h
.. /usr/include/x86_64-linux-gnu/bits/stdlib-float.h
Multiple include guards may be useful for:
/usr/include/x86_64-linux-gnu/bits/byteswap.h
/usr/include/x86_64-linux-gnu/bits/libc-header-start.h
/usr/include/x86_64-linux-gnu/bits/select.h
/usr/include/x86_64-linux-gnu/bits/stdlib-float.h
/usr/include/x86_64-linux-gnu/bits/time64.h
/usr/include/x86_64-linux-gnu/bits/timesize.h
/usr/include/x86_64-linux-gnu/bits/typesizes.h
/usr/include/x86_64-linux-gnu/bits/uintn-identity.h
/usr/include/x86_64-linux-gnu/bits/waitflags.h
/usr/include/x86_64-linux-gnu/bits/waitstatus.h
/usr/include/x86_64-linux-gnu/gnu/stubs-64.h
/usr/include/x86_64-linux-gnu/gnu/stubs.h
configure:7048: $? = 0
configure:7048: ./conftest
configure:7048: $? = 0
configure:7059: result: yes
configure:7072: checking for sys/types.h
configure:7072: gcc -c -H  conftest.c >&5
. /usr/include/stdio.h
.. /usr/include/x86_64-linux-gnu/bits/libc-header-start.h
... /usr/include/features.h
.... /usr/include/x86_64-linux-gnu/sys/cdefs.h
..... /usr/include/x86_64-linux-gnu/bits/wordsize.h
..... /usr/include/x86_64-linux-gnu/bits/long-double.h
.... /usr/include/x86_64-linux-gnu/gnu/stubs.h
..... /usr/include/x86_64-linux-gnu/gnu/stubs-64.h
.. /usr/lib/gcc/x86_64-linux-gnu/9/include/stddef.h
.. /usr/lib/gcc/x86_64-linux-gnu/9/include/stdarg.h
.. /usr/include/x86_64-linux-gnu/bits/types.h
... /usr/include/x86_64-linux-gnu/bits/wordsize.h
... /usr/include/x86_64-linux-gnu/bits/timesize.h
... /usr/include/x86_64-linux-gnu/bits/typesizes.h
... /usr/include/x86_64-linux-gnu/bits/time64.h
.. /usr/include/x86_64-linux-gnu/bits/types/__fpos_t.h
... /usr/include/x86_64-linux-gnu/bits/types/__mbstate_t.h
.. /usr/include/x86_64-linux-gnu/bits/types/__fpos64_t.h
.. /usr/include/x86_64-linux-gnu/bits/types/__FILE.h
.. /usr/include/x86_64-linux-gnu/bits/types/FILE.h
.. /usr/include/x86_64-linux-gnu/bits/types/struct_FILE.h
.. /usr/include/x86_64-linux-gnu/bits/stdio_lim.h
.. /usr/include/x86_64-linux-gnu/bits/sys_errlist.h
. /usr/include/stdlib.h
.. /usr/include/x86_64-linux-gnu/bits/libc-header-start.h
.. /usr/lib/gcc/x86_64-linux-gnu/9/include/stddef.h
.. /usr/include/x86_64-linux-gnu/bits/waitflags.h
.. /usr/include/x86_64-linux-gnu/bits/waitstatus.h
.. /usr/include/x86_64-linux-gnu/bits/floatn.h
... /usr/include/x86_64-linux-gnu/bits/floatn-common.h
.... /usr/include/x86_64-linux-gnu/bits/long-double.h
.. /usr/include/x86_64-linux-gnu/sys/types.h
... /usr/include/x86_64-linux-gnu/bits/types/clock_t.h
... /usr/include/x86_64-linux-gnu/bits/types/clockid_t.h
... /usr/include/x86_64-linux-gnu/bits/types/time_t.h
... /usr/include/x86_64-linux-gnu/bits/types/timer_t.h
... /usr/lib/gcc/x86_64-linux-gnu/9/include/stddef.h
... /usr/include/x86_64-linux-gnu/bits/stdint-intn.h
... /usr/include/endian.h
.... /usr/include/x86_64-linux-gnu/bits/endian.h
..... /usr/include/x86_64-linux-gnu/bits/endianness.h
.... /usr/include/x86_64-linux-gnu/bits/byteswap.h
.... /usr/include/x86_64-linux-gnu/bits/uintn-identity.h
... /usr/include/x86_64-linux-gnu/sys/select.h
.... /usr/include/x86_64-linux-gnu/bits/select.h
..... /usr/include/x86_64-linux-gnu/bits/wordsize.h
.... /usr/include/x86_64-linux-gnu/bits/types/sigset_t.h
..... /usr/include/x86_64-linux-gnu/bits/types/__sigset_t.h
.... /usr/include/x86_64-linux-gnu/bits/types/struct_timeval.h
.... /usr/include/x86_64-linux-gnu/bits/types/struct_timespec.h
... /usr/include/x86_64-linux-gnu/bits/pthreadtypes.h
.... /usr/include/x86_64-linux-gnu/bits/thread-shared-types.h
..... /usr/include/x86_64-linux-gnu/bits/pthreadtypes-arch.h
...... /usr/include/x86_64-linux-gnu/bits/wordsize.h
..... /usr/include/x86_64-linux-gnu/bits/struct_mutex.h
..... /usr/include/x86_64-linux-gnu/bits/struct_rwlock.h
.. /usr/include/alloca.h
... /usr/lib/gcc/x86_64-linux-gnu/9/include/stddef.h
.. /usr/include/x86_64-linux-gnu/bits/stdlib-float.h
. /usr/lib/gcc/x86_64-linux-gnu/9/include/stddef.h
Multiple include guards may be useful for:
/usr/include/x86_64-linux-gnu/bits/byteswap.h
/usr/include/x86_64-linux-gnu/bits/select.h
/usr/include/x86_64-linux-gnu/bits/stdlib-float.h
/usr/include/x86_64-linux-gnu/bits/sys_errlist.h
/usr/include/x86_64-linux-gnu/bits/time64.h
/usr/include/x86_64-linux-gnu/bits/timesize.h
/usr/include/x86_64-linux-gnu/bits/typesizes.h
/usr/include/x86_64-linux-gnu/bits/uintn-identity.h
/usr/include/x86_64-linux-gnu/bits/waitflags.h
/usr/include/x86_64-linux-gnu/bits/waitstatus.h
/usr/include/x86_64-linux-gnu/gnu/stubs-64.h
/usr/include/x86_64-linux-gnu/gnu/stubs.h
configure:7072: $? = 0
configure:7072: result: yes
configure:7072: checking for sys/stat.h
configure:7072: gcc -c -H  conftest.c >&5
. /usr/include/stdio.h
.. /usr/include/x86_64-linux-gnu/bits/libc-header-start.h
... /usr/include/features.h
.... /usr/include/x86_64-linux-gnu/sys/cdefs.h
..... /usr/include/x86_64-linux-gnu/bits/wordsize.h
..... /usr/include/x86_64-linux-gnu/bits/long-double.h
.... /usr/include/x86_64-linux-gnu/gnu/stubs.h
..... /usr/include/x86_64-linux-gnu/gnu/stubs-64.h
.. /usr/lib/gcc/x86_64-linux-gnu/9/include/stddef.h
.. /usr/lib/gcc/x86_64-linux-gnu/9/include/stdarg.h
.. /usr/include/x86_64-linux-gnu/bits/types.h
... /usr/include/x86_64-linux-gnu/bits/wordsize.h
... /usr/include/x86_64-linux-gnu/bits/timesize.h
... /usr/include/x86_64-linux-gnu/bits/typesizes.h
... /usr/include/x86_64-linux-gnu/bits/time64.h
.. /usr/include/x86_64-linux-gnu/bits/types/__fpos_t.h
... /usr/include/x86_64-linux-gnu/bits/types/__mbstate_t.h
.. /usr/include/x86_64-linux-gnu/bits/types/__fpos64_t.h
.. /usr/include/x86_64-linux-gnu/bits/types/__FILE.h
.. /usr/include/x86_64-linux-gnu/bits/types/FILE.h
.. /usr/include/x86_64-linux-gnu/bits/types/struct_FILE.h
.. /usr/include/x86_64-linux-gnu/bits/stdio_lim.h
.. /usr/include/x86_64-linux-gnu/bits/sys_errlist.h
. /usr/include/x86_64-linux-gnu/sys/types.h
.. /usr/include/x86_64-linux-gnu/bits/types/clock_t.h
.. /usr/include/x86_64-linux-gnu/bits/types/clockid_t.h
.. /usr/include/x86_64-linux-gnu/bits/types/time_t.h
.. /usr/include/x86_64-linux-gnu/bits/types/timer_t.h
.. /usr/lib/gcc/x86_64-linux-gnu/9/include/stddef.h
.. /usr/include/x86_64-linux-gnu/bits/stdint-intn.h
.. /usr/include/endian.h
... /usr/include/x86_64-linux-gnu/bits/endian.h
.... /usr/include/x86_64-linux-gnu/bits/endianness.h
... /usr/include/x86_64-linux-gnu/bits/byteswap.h
... /usr/include/x86_64-linux-gnu/bits/uintn-identity.h
.. /usr/include/x86_64-linux-gnu/sys/select.h
... /usr/include/x86_64-linux-gnu/bits/select.h
.... /usr/include/x86_64-linux-gnu/bits/wordsize.h
... /usr/include/x86_64-linux-gnu/bits/types/sigset_t.h
.... /usr/include/x86_64-linux-gnu/bits/types/__sigset_t.h
... /usr/include/x86_64-linux-gnu/bits/types/struct_timeval.h
... /usr/include/x86_64-linux-gnu/bits/types/struct_timespec.h
.. /usr/include/x86_64-linux-gnu/bits/pthreadtypes.h
... /usr/include/x86_64-linux-gnu/bits/thread-shared-types.h
.... /usr/include/x86_64-linux-gnu/bits/pthreadtypes-arch.h
..... /usr/include/x86_64-linux-gnu/bits/wordsize.h
.... /usr/include/x86_64-linux-gnu/bits/struct_mutex.h
.... /usr/include/x86_64-linux-gnu/bits/struct_rwlock.h
. /usr/include/stdlib.h
.. /usr/include/x86_64-linux-gnu/bits/libc-header-start.h
.. /usr/lib/gcc/x86_64-linux-gnu/9/include/stddef.h
.. /usr/include/x86_64-linux-gnu/bits/waitflags.h
.. /usr/include/x86_64-linux-gnu/bits/waitstatus.h
.. /usr/include/x86_64-linux-gnu/bits/floatn.h
... /usr/include/x86_64-linux-gnu/bits/floatn-common.h
.... /usr/include/x86_64-linux-gnu/bits/long-double.h
.. /usr/include/alloca.h
... /usr/lib/gcc/x86_64-linux-gnu/9/include/stddef.h
.. /usr/include/x86_64-linux-gnu/bits/stdlib-float.h
. /usr/lib/gcc/x86_64-linux-gnu/9/include/stddef.h
. /usr/include/x86_64-linux-gnu/sys/stat.h
.. /usr/include/x86_64-linux-gnu/bits/stat.h
Multiple include guards may be useful for:
/usr/include/x86_64-linux-gnu/bits/byteswap.h
/usr/include/x86_64-linux-gnu/bits/select.h
/usr/include/x86_64-linux-gnu/bits/stat.h
/usr/include/x86_64-linux-gnu/bits/stdlib-float.h
/usr/include/x86_64-linux-gnu/bits/sys_errlist.h
/usr/include/x86_64-linux-gnu/bits/time64.h
/usr/include/x86_64-linux-gnu/bits/timesize.h
/usr/include/x86_64-linux-gnu/bits/typesizes.h
/usr/include/x86_64-linux-gnu/bits/uintn-identity.h
/usr/include/x86_64-linux-gnu/bits/waitflags.h
/usr/include/x86_64-linux-gnu/bits/waitstatus.h
/usr/include/x86_64-linux-gnu/gnu/stubs-64.h
/usr/include/x86_64-linux-gnu/gnu/stubs.h
configure:7072: $? = 0
configure:7072: result: yes
configure:7072: checking for stdlib.h
configure:7072: gcc -c -H  conftest.c >&5
. /usr/include/stdio.h
.. /usr/include/x86_64-linux-gnu/bits/libc-header-start.h
... /usr/include/features.h
.... /usr/include/x86_64-linux-gnu/sys/cdefs.h
..... /usr/include/x86_64-linux-gnu/bits/wordsize.h
..... /usr/include/x86_64-linux-gnu/bits/long-double.h
.... /usr/include/x86_64-linux-gnu/gnu/stubs.h
..... /usr/include/x86_64-linux-gnu/gnu/stubs-64.h
.. /usr/lib/gcc/x86_64-linux-gnu/9/include/stddef.h
.. /usr/lib/gcc/x86_64-linux-gnu/9/include/stdarg.h
.. /usr/include/x86_64-linux-gnu/bits/types.h
... /usr/include/x86_64-linux-gnu/bits/wordsize.h
... /usr/include/x86_64-linux-gnu/bits/timesize.h
... /usr/include/x86_64-linux-gnu/bits/typesizes.h
... /usr/include/x86_64-linux-gnu/bits/time64.h
.. /usr/include/x86_64-linux-gnu/bits/types/__fpos_t.h
... /usr/include/x86_64-linux-gnu/bits/types/__mbstate_t.h
.. /usr/include/x86_64-linux-gnu/bits/types/__fpos64_t.h
.. /usr/include/x86_64-linux-gnu/bits/types/__FILE.h
.. /usr/include/x86_64-linux-gnu/bits/types/FILE.h
.. /usr/include/x86_64-linux-gnu/bits/types/struct_FILE.h
.. /usr/include/x86_64-linux-gnu/bits/stdio_lim.h
.. /usr/include/x86_64-linux-gnu/bits/sys_errlist.h
. /usr/include/x86_64-linux-gnu/sys/types.h
.. /usr/include/x86_64-linux-gnu/bits/types/clock_t.h
.. /usr/include/x86_64-linux-gnu/bits/types/clockid_t.h
.. /usr/include/x86_64-linux-gnu/bits/types/time_t.h
.. /usr/include/x86_64-linux-gnu/bits/types/timer_t.h
.. /usr/lib/gcc/x86_64-linux-gnu/9/include/stddef.h
.. /usr/include/x86_64-linux-gnu/bits/stdint-intn.h
.. /usr/include/endian.h
... /usr/include/x86_64-linux-gnu/bits/endian.h
.... /usr/include/x86_64-linux-gnu/bits/endianness.h
... /usr/include/x86_64-linux-gnu/bits/byteswap.h
... /usr/include/x86_64-linux-gnu/bits/uintn-identity.h
.. /usr/include/x86_64-linux-gnu/sys/select.h
... /usr/include/x86_64-linux-gnu/bits/select.h
.... /usr/include/x86_64-linux-gnu/bits/wordsize.h
... /usr/include/x86_64-linux-gnu/bits/types/sigset_t.h
.... /usr/include/x86_64-linux-gnu/bits/types/__sigset_t.h
... /usr/include/x86_64-linux-gnu/bits/types/struct_timeval.h
... /usr/include/x86_64-linux-gnu/bits/types/struct_timespec.h
.. /usr/include/x86_64-linux-gnu/bits/pthreadtypes.h
... /usr/include/x86_64-linux-gnu/bits/thread-shared-types.h
.... /usr/include/x86_64-linux-gnu/bits/pthreadtypes-arch.h
..... /usr/include/x86_64-linux-gnu/bits/wordsize.h
.... /usr/include/x86_64-linux-gnu/bits/struct_mutex.h
.... /usr/include/x86_64-linux-gnu/bits/struct_rwlock.h
. /usr/include/x86_64-linux-gnu/sys/stat.h
.. /usr/include/x86_64-linux-gnu/bits/stat.h
. /usr/include/stdlib.h
.. /usr/include/x86_64-linux-gnu/bits/libc-header-start.h
.. /usr/lib/gcc/x86_64-linux-gnu/9/include/stddef.h
.. /usr/include/x86_64-linux-gnu/bits/waitflags.h
.. /usr/include/x86_64-linux-gnu/bits/waitstatus.h
.. /usr/include/x86_64-linux-gnu/bits/floatn.h
... /usr/include/x86_64-linux-gnu/bits/floatn-common.h
.... /usr/include/x86_64-linux-gnu/bits/long-double.h
.. /usr/include/alloca.h
... /usr/lib/gcc/x86_64-linux-gnu/9/include/stddef.h
.. /usr/include/x86_64-linux-gnu/bits/stdlib-float.h
. /usr/lib/gcc/x86_64-linux-gnu/9/include/stddef.h
Multiple include guards may be useful for:
/usr/include/x86_64-linux-gnu/bits/byteswap.h
/usr/include/x86_64-linux-gnu/bits/select.h
/usr/include/x86_64-linux-gnu/bits/stat.h
/usr/include/x86_64-linux-gnu/bits/stdlib-float.h
/usr/include/x86_64-linux-gnu/bits/sys_errlist.h
/usr/include/x86_64-linux-gnu/bits/time64.h
/usr/include/x86_64-linux-gnu/bits/timesize.h
/usr/include/x86_64-linux-gnu/bits/typesizes.h
/usr/include/x86_64-linux-gnu/bits/uintn-identity.h
/usr/include/x86_64-linux-gnu/bits/waitflags.h
/usr/include/x86_64-linux-gnu/bits/waitstatus.h
/usr/include/x86_64-linux-gnu/gnu/stubs-64.h
/usr/include/x86_64-linux-gnu/gnu/stubs.h
configure:7072: $? = 0
configure:7072: result: yes
configure:7072: checking for string.h
configure:7072: gcc -c -H  conftest.c >&5
. /usr/include/stdio.h
.. /usr/include/x86_64-linux-gnu/bits/libc-header-start.h
... /usr/include/features.h
.... /usr/include/x86_64-linux-gnu/sys/cdefs.h
..... /usr/include/x86_64-linux-gnu/bits/wordsize.h
..... /usr/include/x86_64-linux-gnu/bits/long-double.h
.... /usr/include/x86_64-linux-gnu/gnu/stubs.h
..... /usr/include/x86_64-linux-gnu/gnu/stubs-64.h
.. /usr/lib/gcc/x86_64-linux-gnu/9/include/stddef.h
.. /usr/lib/gcc/x86_64-linux-gnu/9/include/stdarg.h
.. /usr/include/x86_64-linux-gnu/bits/types.h
... /usr/include/x86_64-linux-gnu/bits/wordsize.h
... /usr/include/x86_64-linux-gnu/bits/timesize.h
... /usr/include/x86_64-linux-gnu/bits/typesizes.h
... /usr/include/x86_64-linux-gnu/bits/time64.h
.. /usr/include/x86_64-linux-gnu/bits/types/__fpos_t.h
... /usr/include/x86_64-linux-gnu/bits/types/__mbstate_t.h
.. /usr/include/x86_64-linux-gnu/bits/types/__fpos64_t.h
.. /usr/include/x86_64-linux-gnu/bits/types/__FILE.h
.. /usr/include/x86_64-linux-gnu/bits/types/FILE.h
.. /usr/include/x86_64-linux-gnu/bits/types/struct_FILE.h
.. /usr/include/x86_64-linux-gnu/bits/stdio_lim.h
.. /usr/include/x86_64-linux-gnu/bits/sys_errlist.h
. /usr/include/x86_64-linux-gnu/sys/types.h
.. /usr/include/x86_64-linux-gnu/bits/types/clock_t.h
.. /usr/include/x86_64-linux-gnu/bits/types/clockid_t.h
.. /usr/include/x86_64-linux-gnu/bits/types/time_t.h
.. /usr/include/x86_64-linux-gnu/bits/types/timer_t.h
.. /usr/lib/gcc/x86_64-linux-gnu/9/include/stddef.h
.. /usr/include/x86_64-linux-gnu/bits/stdint-intn.h
.. /usr/include/endian.h
... /usr/include/x86_64-linux-gnu/bits/endian.h
.... /usr/include/x86_64-linux-gnu/bits/endianness.h
... /usr/include/x86_64-linux-gnu/bits/byteswap.h
... /usr/include/x86_64-linux-gnu/bits/uintn-identity.h
.. /usr/include/x86_64-linux-gnu/sys/select.h
... /usr/include/x86_64-linux-gnu/bits/select.h
.... /usr/include/x86_64-linux-gnu/bits/wordsize.h
... /usr/include/x86_64-linux-gnu/bits/types/sigset_t.h
.... /usr/include/x86_64-linux-gnu/bits/types/__sigset_t.h
... /usr/include/x86_64-linux-gnu/bits/types/struct_timeval.h
... /usr/include/x86_64-linux-gnu/bits/types/struct_timespec.h
.. /usr/include/x86_64-linux-gnu/bits/pthreadtypes.h
... /usr/include/x86_64-linux-gnu/bits/thread-shared-types.h
.... /usr/include/x86_64-linux-gnu/bits/pthreadtypes-arch.h
..... /usr/include/x86_64-linux-gnu/bits/wordsize.h
.... /usr/include/x86_64-linux-gnu/bits/struct_mutex.h
.... /usr/include/x86_64-linux-gnu/bits/struct_rwlock.h
. /usr/include/x86_64-linux-gnu/sys/stat.h
.. /usr/include/x86_64-linux-gnu/bits/stat.h
. /usr/include/stdlib.h
.. /usr/include/x86_64-linux-gnu/bits/libc-header-start.h
.. /usr/lib/gcc/x86_64-linux-gnu/9/include/stddef.h
.. /usr/include/x86_64-linux-gnu/bits/waitflags.h
.. /usr/include/x86_64-linux-gnu/bits/waitstatus.h
.. /usr/include/x86_64-linux-gnu/bits/floatn.h
... /usr/include/x86_64-linux-gnu/bits/floatn-common.h
.... /usr/include/x86_64-linux-gnu/bits/long-double.h
.. /usr/include/alloca.h
... /usr/lib/gcc/x86_64-linux-gnu/9/include/stddef.h
.. /usr/include/x86_64-linux-gnu/bits/stdlib-float.h
. /usr/lib/gcc/x86_64-linux-gnu/9/include/stddef.h
. /usr/include/string.h
.. /usr/include/x86_64-linux-gnu/bits/libc-header-start.h
.. /usr/lib/gcc/x86_64-linux-gnu/9/include/stddef.h
.. /usr/include/x86_64-linux-gnu/bits/types/locale_t.h
... /usr/include/x86_64-linux-gnu/bits/types/__locale_t.h
.. /usr/include/strings.h
... /usr/lib/gcc/x86_64-linux-gnu/9/include/stddef.h
Multiple include guards may be useful for:
/usr/include/x86_64-linux-gnu/bits/byteswap.h
/usr/include/x86_64-linux-gnu/bits/select.h
/usr/include/x86_64-linux-gnu/bits/stat.h
/usr/include/x86_64-linux-gnu/bits/stdlib-float.h
/usr/include/x86_64-linux-gnu/bits/sys_errlist.h
/usr/include/x86_64-linux-gnu/bits/time64.h
/usr/include/x86_64-linux-gnu/bits/timesize.h
/usr/include/x86_64-linux-gnu/bits/typesizes.h
/usr/include/x86_64-linux-gnu/bits/uintn-identity.h
/usr/include/x86_64-linux-gnu/bits/waitflags.h
/usr/include/x86_64-linux-gnu/bits/waitstatus.h
/usr/include/x86_64-linux-gnu/gnu/stubs-64.h
/usr/include/x86_64-linux-gnu/gnu/stubs.h
configure:7072: $? = 0
configure:7072: result: yes
configure:7072: checking for memory.h
configure:7072: gcc -c -H  conftest.c >&5
. /usr/include/stdio.h
.. /usr/include/x86_64-linux-gnu/bits/libc-header-start.h
... /usr/include/features.h
.... /usr/include/x86_64-linux-gnu/sys/cdefs.h
..... /usr/include/x86_64-linux-gnu/bits/wordsize.h
..... /usr/include/x86_64-linux-gnu/bits/long-double.h
.... /usr/include/x86_64-linux-gnu/gnu/stubs.h
..... /usr/include/x86_64-linux-gnu/gnu/stubs-64.h
.. /usr/lib/gcc/x86_64-linux-gnu/9/include/stddef.h
.. /usr/lib/gcc/x86_64-linux-gnu/9/include/stdarg.h
.. /usr/include/x86_64-linux-gnu/bits/types.h
... /usr/include/x86_64-linux-gnu/bits/wordsize.h
... /usr/include/x86_64-linux-gnu/bits/timesize.h
... /usr/include/x86_64-linux-gnu/bits/typesizes.h
... /usr/include/x86_64-linux-gnu/bits/time64.h
.. /usr/include/x86_64-linux-gnu/bits/types/__fpos_t.h
... /usr/include/x86_64-linux-gnu/bits/types/__mbstate_t.h
.. /usr/include/x86_64-linux-gnu/bits/types/__fpos64_t.h
.. /usr/include/x86_64-linux-gnu/bits/types/__FILE.h
.. /usr/include/x86_64-linux-gnu/bits/types/FILE.h
.. /usr/include/x86_64-linux-gnu/bits/types/struct_FILE.h
.. /usr/include/x86_64-linux-gnu/bits/stdio_lim.h
.. /usr/include/x86_64-linux-gnu/bits/sys_errlist.h
. /usr/include/x86_64-linux-gnu/sys/types.h
.. /usr/include/x86_64-linux-gnu/bits/types/clock_t.h
.. /usr/include/x86_64-linux-gnu/bits/types/clockid_t.h
.. /usr/include/x86_64-linux-gnu/bits/types/time_t.h
.. /usr/include/x86_64-linux-gnu/bits/types/timer_t.h
.. /usr/lib/gcc/x86_64-linux-gnu/9/include/stddef.h
.. /usr/include/x86_64-linux-gnu/bits/stdint-intn.h
.. /usr/include/endian.h
... /usr/include/x86_64-linux-gnu/bits/endian.h
.... /usr/include/x86_64-linux-gnu/bits/endianness.h
... /usr/include/x86_64-linux-gnu/bits/byteswap.h
... /usr/include/x86_64-linux-gnu/bits/uintn-identity.h
.. /usr/include/x86_64-linux-gnu/sys/select.h
... /usr/include/x86_64-linux-gnu/bits/select.h
.... /usr/include/x86_64-linux-gnu/bits/wordsize.h
... /usr/include/x86_64-linux-gnu/bits/types/sigset_t.h
.... /usr/include/x86_64-linux-gnu/bits/types/__sigset_t.h
... /usr/include/x86_64-linux-gnu/bits/types/struct_timeval.h
... /usr/include/x86_64-linux-gnu/bits/types/struct_timespec.h
.. /usr/include/x86_64-linux-gnu/bits/pthreadtypes.h
... /usr/include/x86_64-linux-gnu/bits/thread-shared-types.h
.... /usr/include/x86_64-linux-gnu/bits/pthreadtypes-arch.h
..... /usr/include/x86_64-linux-gnu/bits/wordsize.h
.... /usr/include/x86_64-linux-gnu/bits/struct_mutex.h
.... /usr/include/x86_64-linux-gnu/bits/struct_rwlock.h
. /usr/include/x86_64-linux-gnu/sys/stat.h
.. /usr/include/x86_64-linux-gnu/bits/stat.h
. /usr/include/stdlib.h
.. /usr/include/x86_64-linux-gnu/bits/libc-header-start.h
.. /usr/lib/gcc/x86_64-linux-gnu/9/include/stddef.h
.. /usr/include/x86_64-linux-gnu/bits/waitflags.h
.. /usr/include/x86_64-linux-gnu/bits/waitstatus.h
.. /usr/include/x86_64-linux-gnu/bits/floatn.h
... /usr/include/x86_64-linux-gnu/bits/floatn-common.h
.... /usr/include/x86_64-linux-gnu/bits/long-double.h
.. /usr/include/alloca.h
... /usr/lib/gcc/x86_64-linux-gnu/9/include/stddef.h
.. /usr/include/x86_64-linux-gnu/bits/stdlib-float.h
. /usr/lib/gcc/x86_64-linux-gnu/9/include/stddef.h
. /usr/include/string.h
.. /usr/include/x86_64-linux-gnu/bits/libc-header-start.h
.. /usr/lib/gcc/x86_64-linux-gnu/9/include/stddef.h
.. /usr/include/x86_64-linux-gnu/bits/types/locale_t.h
... /usr/include/x86_64-linux-gnu/bits/types/__locale_t.h
.. /usr/include/strings.h
... /usr/lib/gcc/x86_64-linux-gnu/9/include/stddef.h
. /usr/include/memory.h
Multiple include guards may be useful for:
/usr/include/x86_64-linux-gnu/bits/byteswap.h
/usr/include/x86_64-linux-gnu/bits/select.h
/usr/include/x86_64-linux-gnu/bits/stat.h
/usr/include/x86_64-linux-gnu/bits/stdlib-float.h
/usr/include/x86_64-linux-gnu/bits/sys_errlist.h
/usr/include/x86_64-linux-gnu/bits/time64.h
/usr/include/x86_64-linux-gnu/bits/timesize.h
/usr/include/x86_64-linux-gnu/bits/typesizes.h
/usr/include/x86_64-linux-gnu/bits/uintn-identity.h
/usr/include/x86_64-linux-gnu/bits/waitflags.h
/usr/include/x86_64-linux-gnu/bits/waitstatus.h
/usr/include/x86_64-linux-gnu/gnu/stubs-64.h
/usr/include/x86_64-linux-gnu/gnu/stubs.h
configure:7072: $? = 0
configure:7072: result: yes
configure:7072: checking for strings.h
configure:7072: gcc -c -H  conftest.c >&5
. /usr/include/stdio.h
.. /usr/include/x86_64-linux-gnu/bits/libc-header-start.h
... /usr/include/features.h
.... /usr/include/x86_64-linux-gnu/sys/cdefs.h
..... /usr/include/x86_64-linux-gnu/bits/wordsize.h
..... /usr/include/x86_64-linux-gnu/bits/long-double.h
.... /usr/include/x86_64-linux-gnu/gnu/stubs.h
..... /usr/include/x86_64-linux-gnu/gnu/stubs-64.h
.. /usr/lib/gcc/x86_64-linux-gnu/9/include/stddef.h
.. /usr/lib/gcc/x86_64-linux-gnu/9/include/stdarg.h
.. /usr/include/x86_64-linux-gnu/bits/types.h
... /usr/include/x86_64-linux-gnu/bits/wordsize.h
... /usr/include/x86_64-linux-gnu/bits/timesize.h
... /usr/include/x86_64-linux-gnu/bits/typesizes.h
... /usr/include/x86_64-linux-gnu/bits/time64.h
.. /usr/include/x86_64-linux-gnu/bits/types/__fpos_t.h
... /usr/include/x86_64-linux-gnu/bits/types/__mbstate_t.h
.. /usr/include/x86_64-linux-gnu/bits/types/__fpos64_t.h
.. /usr/include/x86_64-linux-gnu/bits/types/__FILE.h
.. /usr/include/x86_64-linux-gnu/bits/types/FILE.h
.. /usr/include/x86_64-linux-gnu/bits/types/struct_FILE.h
.. /usr/include/x86_64-linux-gnu/bits/stdio_lim.h
.. /usr/include/x86_64-linux-gnu/bits/sys_errlist.h
. /usr/include/x86_64-linux-gnu/sys/types.h
.. /usr/include/x86_64-linux-gnu/bits/types/clock_t.h
.. /usr/include/x86_64-linux-gnu/bits/types/clockid_t.h
.. /usr/include/x86_64-linux-gnu/bits/types/time_t.h
.. /usr/include/x86_64-linux-gnu/bits/types/timer_t.h
.. /usr/lib/gcc/x86_64-linux-gnu/9/include/stddef.h
.. /usr/include/x86_64-linux-gnu/bits/stdint-intn.h
.. /usr/include/endian.h
... /usr/include/x86_64-linux-gnu/bits/endian.h
.... /usr/include/x86_64-linux-gnu/bits/endianness.h
... /usr/include/x86_64-linux-gnu/bits/byteswap.h
... /usr/include/x86_64-linux-gnu/bits/uintn-identity.h
.. /usr/include/x86_64-linux-gnu/sys/select.h
... /usr/include/x86_64-linux-gnu/bits/select.h
.... /usr/include/x86_64-linux-gnu/bits/wordsize.h
... /usr/include/x86_64-linux-gnu/bits/types/sigset_t.h
.... /usr/include/x86_64-linux-gnu/bits/types/__sigset_t.h
... /usr/include/x86_64-linux-gnu/bits/types/struct_timeval.h
... /usr/include/x86_64-linux-gnu/bits/types/struct_timespec.h
.. /usr/include/x86_64-linux-gnu/bits/pthreadtypes.h
... /usr/include/x86_64-linux-gnu/bits/thread-shared-types.h
.... /usr/include/x86_64-linux-gnu/bits/pthreadtypes-arch.h
..... /usr/include/x86_64-linux-gnu/bits/wordsize.h
.... /usr/include/x86_64-linux-gnu/bits/struct_mutex.h
.... /usr/include/x86_64-linux-gnu/bits/struct_rwlock.h
. /usr/include/x86_64-linux-gnu/sys/stat.h
.. /usr/include/x86_64-linux-gnu/bits/stat.h
. /usr/include/stdlib.h
.. /usr/include/x86_64-linux-gnu/bits/libc-header-start.h
.. /usr/lib/gcc/x86_64-linux-gnu/9/include/stddef.h
.. /usr/include/x86_64-linux-gnu/bits/waitflags.h
.. /usr/include/x86_64-linux-gnu/bits/waitstatus.h
.. /usr/include/x86_64-linux-gnu/bits/floatn.h
... /usr/include/x86_64-linux-gnu/bits/floatn-common.h
.... /usr/include/x86_64-linux-gnu/bits/long-double.h
.. /usr/include/alloca.h
... /usr/lib/gcc/x86_64-linux-gnu/9/include/stddef.h
.. /usr/include/x86_64-linux-gnu/bits/stdlib-float.h
. /usr/lib/gcc/x86_64-linux-gnu/9/include/stddef.h
. /usr/include/string.h
.. /usr/include/x86_64-linux-gnu/bits/libc-header-start.h
.. /usr/lib/gcc/x86_64-linux-gnu/9/include/stddef.h
.. /usr/include/x86_64-linux-gnu/bits/types/locale_t.h
... /usr/include/x86_64-linux-gnu/bits/types/__locale_t.h
.. /usr/include/strings.h
... /usr/lib/gcc/x86_64-linux-gnu/9/include/stddef.h
Multiple include guards may be useful for:
/usr/include/x86_64-linux-gnu/bits/byteswap.h
/usr/include/x86_64-linux-gnu/bits/select.h
/usr/include/x86_64-linux-gnu/bits/stat.h
/usr/include/x86_64-linux-gnu/bits/stdlib-float.h
/usr/include/x86_64-linux-gnu/bits/sys_errlist.h
/usr/include/x86_64-linux-gnu/bits/time64.h
/usr/include/x86_64-linux-gnu/bits/timesize.h
/usr/include/x86_64-linux-gnu/bits/typesizes.h
/usr/include/x86_64-linux-gnu/bits/uintn-identity.h
/usr/include/x86_64-linux-gnu/bits/waitflags.h
/usr/include/x86_64-linux-gnu/bits/waitstatus.h
/usr/include/x86_64-linux-gnu/gnu/stubs-64.h
/usr/include/x86_64-linux-gnu/gnu/stubs.h
configure:7072: $? = 0
configure:7072: result: yes
configure:7072: checking for inttypes.h
configure:7072: gcc -c -H  conftest.c >&5
. /usr/include/stdio.h
.. /usr/include/x86_64-linux-gnu/bits/libc-header-start.h
... /usr/include/features.h
.... /usr/include/x86_64-linux-gnu/sys/cdefs.h
..... /usr/include/x86_64-linux-gnu/bits/wordsize.h
..... /usr/include/x86_64-linux-gnu/bits/long-double.h
.... /usr/include/x86_64-linux-gnu/gnu/stubs.h
..... /usr/include/x86_64-linux-gnu/gnu/stubs-64.h
.. /usr/lib/gcc/x86_64-linux-gnu/9/include/stddef.h
.. /usr/lib/gcc/x86_64-linux-gnu/9/include/stdarg.h
.. /usr/include/x86_64-linux-gnu/bits/types.h
... /usr/include/x86_64-linux-gnu/bits/wordsize.h
... /usr/include/x86_64-linux-gnu/bits/timesize.h
... /usr/include/x86_64-linux-gnu/bits/typesizes.h
... /usr/include/x86_64-linux-gnu/bits/time64.h
.. /usr/include/x86_64-linux-gnu/bits/types/__fpos_t.h
... /usr/include/x86_64-linux-gnu/bits/types/__mbstate_t.h
.. /usr/include/x86_64-linux-gnu/bits/types/__fpos64_t.h
.. /usr/include/x86_64-linux-gnu/bits/types/__FILE.h
.. /usr/include/x86_64-linux-gnu/bits/types/FILE.h
.. /usr/include/x86_64-linux-gnu/bits/types/struct_FILE.h
.. /usr/include/x86_64-linux-gnu/bits/stdio_lim.h
.. /usr/include/x86_64-linux-gnu/bits/sys_errlist.h
. /usr/include/x86_64-linux-gnu/sys/types.h
.. /usr/include/x86_64-linux-gnu/bits/types/clock_t.h
.. /usr/include/x86_64-linux-gnu/bits/types/clockid_t.h
.. /usr/include/x86_64-linux-gnu/bits/types/time_t.h
.. /usr/include/x86_64-linux-gnu/bits/types/timer_t.h
.. /usr/lib/gcc/x86_64-linux-gnu/9/include/stddef.h
.. /usr/include/x86_64-linux-gnu/bits/stdint-intn.h
.. /usr/include/endian.h
... /usr/include/x86_64-linux-gnu/bits/endian.h
.... /usr/include/x86_64-linux-gnu/bits/endianness.h
... /usr/include/x86_64-linux-gnu/bits/byteswap.h
... /usr/include/x86_64-linux-gnu/bits/uintn-identity.h
.. /usr/include/x86_64-linux-gnu/sys/select.h
... /usr/include/x86_64-linux-gnu/bits/select.h
.... /usr/include/x86_64-linux-gnu/bits/wordsize.h
... /usr/include/x86_64-linux-gnu/bits/types/sigset_t.h
.... /usr/include/x86_64-linux-gnu/bits/types/__sigset_t.h
... /usr/include/x86_64-linux-gnu/bits/types/struct_timeval.h
... /usr/include/x86_64-linux-gnu/bits/types/struct_timespec.h
.. /usr/include/x86_64-linux-gnu/bits/pthreadtypes.h
... /usr/include/x86_64-linux-gnu/bits/thread-shared-types.h
.... /usr/include/x86_64-linux-gnu/bits/pthreadtypes-arch.h
..... /usr/include/x86_64-linux-gnu/bits/wordsize.h
.... /usr/include/x86_64-linux-gnu/bits/struct_mutex.h
.... /usr/include/x86_64-linux-gnu/bits/struct_rwlock.h
. /usr/include/x86_64-linux-gnu/sys/stat.h
.. /usr/include/x86_64-linux-gnu/bits/stat.h
. /usr/include/stdlib.h
.. /usr/include/x86_64-linux-gnu/bits/libc-header-start.h
.. /usr/lib/gcc/x86_64-linux-gnu/9/include/stddef.h
.. /usr/include/x86_64-linux-gnu/bits/waitflags.h
.. /usr/include/x86_64-linux-gnu/bits/waitstatus.h
.. /usr/include/x86_64-linux-gnu/bits/floatn.h
... /usr/include/x86_64-linux-gnu/bits/floatn-common.h
.... /usr/include/x86_64-linux-gnu/bits/long-double.h
.. /usr/include/alloca.h
... /usr/lib/gcc/x86_64-linux-gnu/9/include/stddef.h
.. /usr/include/x86_64-linux-gnu/bits/stdlib-float.h
. /usr/lib/gcc/x86_64-linux-gnu/9/include/stddef.h
. /usr/include/string.h
.. /usr/include/x86_64-linux-gnu/bits/libc-header-start.h
.. /usr/lib/gcc/x86_64-linux-gnu/9/include/stddef.h
.. /usr/include/x86_64-linux-gnu/bits/types/locale_t.h
... /usr/include/x86_64-linux-gnu/bits/types/__locale_t.h
.. /usr/include/strings.h
... /usr/lib/gcc/x86_64-linux-gnu/9/include/stddef.h
. /usr/include/inttypes.h
.. /usr/lib/gcc/x86_64-linux-gnu/9/include/stdint.h
... /usr/include/stdint.h
.... /usr/include/x86_64-linux-gnu/bits/libc-header-start.h
.... /usr/include/x86_64-linux-gnu/bits/wchar.h
.... /usr/include/x86_64-linux-gnu/bits/wordsize.h
.... /usr/include/x86_64-linux-gnu/bits/stdint-uintn.h
Multiple include guards may be useful for:
/usr/include/x86_64-linux-gnu/bits/byteswap.h
/usr/include/x86_64-linux-gnu/bits/select.h
/usr/include/x86_64-linux-gnu/bits/stat.h
/usr/include/x86_64-linux-gnu/bits/stdlib-float.h
/usr/include/x86_64-linux-gnu/bits/sys_errlist.h
/usr/include/x86_64-linux-gnu/bits/time64.h
/usr/include/x86_64-linux-gnu/bits/timesize.h
/usr/include/x86_64-linux-gnu/bits/typesizes.h
/usr/include/x86_64-linux-gnu/bits/uintn-identity.h
/usr/include/x86_64-linux-gnu/bits/waitflags.h
/usr/include/x86_64-linux-gnu/bits/waitstatus.h
/usr/include/x86_64-linux-gnu/gnu/stubs-64.h
/usr/include/x86_64-linux-gnu/gnu/stubs.h
configure:7072: $? = 0
configure:7072: result: yes
configure:7072: checking for stdint.h
configure:7072: gcc -c -H  conftest.c >&5
. /usr/include/stdio.h
.. /usr/include/x86_64-linux-gnu/bits/libc-header-start.h
... /usr/include/features.h
.... /usr/include/x86_64-linux-gnu/sys/cdefs.h
..... /usr/include/x86_64-linux-gnu/bits/wordsize.h
..... /usr/include/x86_64-linux-gnu/bits/long-double.h
.... /usr/include/x86_64-linux-gnu/gnu/stubs.h
..... /usr/include/x86_64-linux-gnu/gnu/stubs-64.h
.. /usr/lib/gcc/x86_64-linux-gnu/9/include/stddef.h
.. /usr/lib/gcc/x86_64-linux-gnu/9/include/stdarg.h
.. /usr/include/x86_64-linux-gnu/bits/types.h
... /usr/include/x86_64-linux-gnu/bits/wordsize.h
... /usr/include/x86_64-linux-gnu/bits/timesize.h
... /usr/include/x86_64-linux-gnu/bits/typesizes.h
... /usr/include/x86_64-linux-gnu/bits/time64.h
.. /usr/include/x86_64-linux-gnu/bits/types/__fpos_t.h
... /usr/include/x86_64-linux-gnu/bits/types/__mbstate_t.h
.. /usr/include/x86_64-linux-gnu/bits/types/__fpos64_t.h
.. /usr/include/x86_64-linux-gnu/bits/types/__FILE.h
.. /usr/include/x86_64-linux-gnu/bits/types/FILE.h
.. /usr/include/x86_64-linux-gnu/bits/types/struct_FILE.h
.. /usr/include/x86_64-linux-gnu/bits/stdio_lim.h
.. /usr/include/x86_64-linux-gnu/bits/sys_errlist.h
. /usr/include/x86_64-linux-gnu/sys/types.h
.. /usr/include/x86_64-linux-gnu/bits/types/clock_t.h
.. /usr/include/x86_64-linux-gnu/bits/types/clockid_t.h
.. /usr/include/x86_64-linux-gnu/bits/types/time_t.h
.. /usr/include/x86_64-linux-gnu/bits/types/timer_t.h
.. /usr/lib/gcc/x86_64-linux-gnu/9/include/stddef.h
.. /usr/include/x86_64-linux-gnu/bits/stdint-intn.h
.. /usr/include/endian.h
... /usr/include/x86_64-linux-gnu/bits/endian.h
.... /usr/include/x86_64-linux-gnu/bits/endianness.h
... /usr/include/x86_64-linux-gnu/bits/byteswap.h
... /usr/include/x86_64-linux-gnu/bits/uintn-identity.h
.. /usr/include/x86_64-linux-gnu/sys/select.h
... /usr/include/x86_64-linux-gnu/bits/select.h
.... /usr/include/x86_64-linux-gnu/bits/wordsize.h
... /usr/include/x86_64-linux-gnu/bits/types/sigset_t.h
.... /usr/include/x86_64-linux-gnu/bits/types/__sigset_t.h
... /usr/include/x86_64-linux-gnu/bits/types/struct_timeval.h
... /usr/include/x86_64-linux-gnu/bits/types/struct_timespec.h
.. /usr/include/x86_64-linux-gnu/bits/pthreadtypes.h
... /usr/include/x86_64-linux-gnu/bits/thread-shared-types.h
.... /usr/include/x86_64-linux-gnu/bits/pthreadtypes-arch.h
..... /usr/include/x86_64-linux-gnu/bits/wordsize.h
.... /usr/include/x86_64-linux-gnu/bits/struct_mutex.h
.... /usr/include/x86_64-linux-gnu/bits/struct_rwlock.h
. /usr/include/x86_64-linux-gnu/sys/stat.h
.. /usr/include/x86_64-linux-gnu/bits/stat.h
. /usr/include/stdlib.h
.. /usr/include/x86_64-linux-gnu/bits/libc-header-start.h
.. /usr/lib/gcc/x86_64-linux-gnu/9/include/stddef.h
.. /usr/include/x86_64-linux-gnu/bits/waitflags.h
.. /usr/include/x86_64-linux-gnu/bits/waitstatus.h
.. /usr/include/x86_64-linux-gnu/bits/floatn.h
... /usr/include/x86_64-linux-gnu/bits/floatn-common.h
.... /usr/include/x86_64-linux-gnu/bits/long-double.h
.. /usr/include/alloca.h
... /usr/lib/gcc/x86_64-linux-gnu/9/include/stddef.h
.. /usr/include/x86_64-linux-gnu/bits/stdlib-float.h
. /usr/lib/gcc/x86_64-linux-gnu/9/include/stddef.h
. /usr/include/string.h
.. /usr/include/x86_64-linux-gnu/bits/libc-header-start.h
.. /usr/lib/gcc/x86_64-linux-gnu/9/include/stddef.h
.. /usr/include/x86_64-linux-gnu/bits/types/locale_t.h
... /usr/include/x86_64-linux-gnu/bits/types/__locale_t.h
.. /usr/include/strings.h
... /usr/lib/gcc/x86_64-linux-gnu/9/include/stddef.h
. /usr/include/inttypes.h
.. /usr/lib/gcc/x86_64-linux-gnu/9/include/stdint.h
... /usr/include/stdint.h
.... /usr/include/x86_64-linux-gnu/bits/libc-header-start.h
.... /usr/include/x86_64-linux-gnu/bits/wchar.h
.... /usr/include/x86_64-linux-gnu/bits/wordsize.h
.... /usr/include/x86_64-linux-gnu/bits/stdint-uintn.h
Multiple include guards may be useful for:
/usr/include/x86_64-linux-gnu/bits/byteswap.h
/usr/include/x86_64-linux-gnu/bits/select.h
/usr/include/x86_64-linux-gnu/bits/stat.h
/usr/include/x86_64-linux-gnu/bits/stdlib-float.h
/usr/include/x86_64-linux-gnu/bits/sys_errlist.h
/usr/include/x86_64-linux-gnu/bits/time64.h
/usr/include/x86_64-linux-gnu/bits/timesize.h
/usr/include/x86_64-linux-gnu/bits/typesizes.h
/usr/include/x86_64-linux-gnu/bits/uintn-identity.h
/usr/include/x86_64-linux-gnu/bits/waitflags.h
/usr/include/x86_64-linux-gnu/bits/waitstatus.h
/usr/include/x86_64-linux-gnu/gnu/stubs-64.h
/usr/include/x86_64-linux-gnu/gnu/stubs.h
configure:7072: $? = 0
configure:7072: result: yes
configure:7072: checking for unistd.h
configure:7072: gcc -c -H  conftest.c >&5
. /usr/include/stdio.h
.. /usr/include/x86_64-linux-gnu/bits/libc-header-start.h
... /usr/include/features.h
.... /usr/include/x86_64-linux-gnu/sys/cdefs.h
..... /usr/include/x86_64-linux-gnu/bits/wordsize.h
..... /usr/include/x86_64-linux-gnu/bits/long-double.h
.... /usr/include/x86_64-linux-gnu/gnu/stubs.h
..... /usr/include/x86_64-linux-gnu/gnu/stubs-64.h
.. /usr/lib/gcc/x86_64-linux-gnu/9/include/stddef.h
.. /usr/lib/gcc/x86_64-linux-gnu/9/include/stdarg.h
.. /usr/include/x86_64-linux-gnu/bits/types.h
... /usr/include/x86_64-linux-gnu/bits/wordsize.h
... /usr/include/x86_64-linux-gnu/bits/timesize.h
... /usr/include/x86_64-linux-gnu/bits/typesizes.h
... /usr/include/x86_64-linux-gnu/bits/time64.h
.. /usr/include/x86_64-linux-gnu/bits/types/__fpos_t.h
... /usr/include/x86_64-linux-gnu/bits/types/__mbstate_t.h
.. /usr/include/x86_64-linux-gnu/bits/types/__fpos64_t.h
.. /usr/include/x86_64-linux-gnu/bits/types/__FILE.h
.. /usr/include/x86_64-linux-gnu/bits/types/FILE.h
.. /usr/include/x86_64-linux-gnu/bits/types/struct_FILE.h
.. /usr/include/x86_64-linux-gnu/bits/stdio_lim.h
.. /usr/include/x86_64-linux-gnu/bits/sys_errlist.h
. /usr/include/x86_64-linux-gnu/sys/types.h
.. /usr/include/x86_64-linux-gnu/bits/types/clock_t.h
.. /usr/include/x86_64-linux-gnu/bits/types/clockid_t.h
.. /usr/include/x86_64-linux-gnu/bits/types/time_t.h
.. /usr/include/x86_64-linux-gnu/bits/types/timer_t.h
.. /usr/lib/gcc/x86_64-linux-gnu/9/include/stddef.h
.. /usr/include/x86_64-linux-gnu/bits/stdint-intn.h
.. /usr/include/endian.h
... /usr/include/x86_64-linux-gnu/bits/endian.h
.... /usr/include/x86_64-linux-gnu/bits/endianness.h
... /usr/include/x86_64-linux-gnu/bits/byteswap.h
... /usr/include/x86_64-linux-gnu/bits/uintn-identity.h
.. /usr/include/x86_64-linux-gnu/sys/select.h
... /usr/include/x86_64-linux-gnu/bits/select.h
.... /usr/include/x86_64-linux-gnu/bits/wordsize.h
... /usr/include/x86_64-linux-gnu/bits/types/sigset_t.h
.... /usr/include/x86_64-linux-gnu/bits/types/__sigset_t.h
... /usr/include/x86_64-linux-gnu/bits/types/struct_timeval.h
... /usr/include/x86_64-linux-gnu/bits/types/struct_timespec.h
.. /usr/include/x86_64-linux-gnu/bits/pthreadtypes.h
... /usr/include/x86_64-linux-gnu/bits/thread-shared-types.h
.... /usr/include/x86_64-linux-gnu/bits/pthreadtypes-arch.h
..... /usr/include/x86_64-linux-gnu/bits/wordsize.h
.... /usr/include/x86_64-linux-gnu/bits/struct_mutex.h
.... /usr/include/x86_64-linux-gnu/bits/struct_rwlock.h
. /usr/include/x86_64-linux-gnu/sys/stat.h
.. /usr/include/x86_64-linux-gnu/bits/stat.h
. /usr/include/stdlib.h
.. /usr/include/x86_64-linux-gnu/bits/libc-header-start.h
.. /usr/lib/gcc/x86_64-linux-gnu/9/include/stddef.h
.. /usr/include/x86_64-linux-gnu/bits/waitflags.h
.. /usr/include/x86_64-linux-gnu/bits/waitstatus.h
.. /usr/include/x86_64-linux-gnu/bits/floatn.h
... /usr/include/x86_64-linux-gnu/bits/floatn-common.h
.... /usr/include/x86_64-linux-gnu/bits/long-double.h
.. /usr/include/alloca.h
... /usr/lib/gcc/x86_64-linux-gnu/9/include/stddef.h
.. /usr/include/x86_64-linux-gnu/bits/stdlib-float.h
. /usr/lib/gcc/x86_64-linux-gnu/9/include/stddef.h
. /usr/include/string.h
.. /usr/include/x86_64-linux-gnu/bits/libc-header-start.h
.. /usr/lib/gcc/x86_64-linux-gnu/9/include/stddef.h
.. /usr/include/x86_64-linux-gnu/bits/types/locale_t.h
... /usr/include/x86_64-linux-gnu/bits/types/__locale_t.h
.. /usr/include/strings.h
... /usr/lib/gcc/x86_64-linux-gnu/9/include/stddef.h
. /usr/include/inttypes.h
.. /usr/lib/gcc/x86_64-linux-gnu/9/include/stdint.h
... /usr/include/stdint.h
.... /usr/include/x86_64-linux-gnu/bits/libc-header-start.h
.... /usr/include/x86_64-linux-gnu/bits/wchar.h
.... /usr/include/x86_64-linux-gnu/bits/wordsize.h
.... /usr/include/x86_64-linux-gnu/bits/stdint-uintn.h
. /usr/include/unistd.h
.. /usr/include/x86_64-linux-gnu/bits/posix_opt.h
.. /usr/include/x86_64-linux-gnu/bits/environments.h
... /usr/include/x86_64-linux-gnu/bits/wordsize.h
.. /usr/lib/gcc/x86_64-linux-gnu/9/include/stddef.h
.. /usr/include/x86_64-linux-gnu/bits/confname.h
.. /usr/include/x86_64-linux-gnu/bits/getopt_posix.h
... /usr/include/x86_64-linux-gnu/bits/getopt_core.h
.. /usr/include/x86_64-linux-gnu/bits/unistd_ext.h
Multiple include guards may be useful for:
/usr/include/x86_64-linux-gnu/bits/byteswap.h
/usr/include/x86_64-linux-gnu/bits/confname.h
/usr/include/x86_64-linux-gnu/bits/environments.h
/usr/include/x86_64-linux-gnu/bits/select.h
/usr/include/x86_64-linux-gnu/bits/stat.h
/usr/include/x86_64-linux-gnu/bits/stdlib-float.h
/usr/include/x86_64-linux-gnu/bits/sys_errlist.h
/usr/include/x86_64-linux-gnu/bits/time64.h
/usr/include/x86_64-linux-gnu/bits/timesize.h
/usr/include/x86_64-linux-gnu/bits/typesizes.h
/usr/include/x86_64-linux-gnu/bits/uintn-identity.h
/usr/include/x86_64-linux-gnu/bits/unistd_ext.h
/usr/include/x86_64-linux-gnu/bits/waitflags.h
/usr/include/x86_64-linux-gnu/bits/waitstatus.h
/usr/include/x86_64-linux-gnu/gnu/stubs-64.h
/usr/include/x86_64-linux-gnu/gnu/stubs.h
configure:7072: $? = 0
configure:7072: result: yes
configure:7086: checking for dlfcn.h
configure:7086: gcc -c -H  conftest.c >&5
. /usr/include/stdio.h
.. /usr/include/x86_64-linux-gnu/bits/libc-header-start.h
... /usr/include/features.h
.... /usr/include/x86_64-linux-gnu/sys/cdefs.h
..... /usr/include/x86_64-linux-gnu/bits/wordsize.h
..... /usr/include/x86_64-linux-gnu/bits/long-double.h
.... /usr/include/x86_64-linux-gnu/gnu/stubs.h
..... /usr/include/x86_64-linux-gnu/gnu/stubs-64.h
.. /usr/lib/gcc/x86_64-linux-gnu/9/include/stddef.h
.. /usr/lib/gcc/x86_64-linux-gnu/9/include/stdarg.h
.. /usr/include/x86_64-linux-gnu/bits/types.h
... /usr/include/x86_64-linux-gnu/bits/wordsize.h
... /usr/include/x86_64-linux-gnu/bits/timesize.h
... /usr/include/x86_64-linux-gnu/bits/typesizes.h
... /usr/include/x86_64-linux-gnu/bits/time64.h
.. /usr/include/x86_64-linux-gnu/bits/types/__fpos_t.h
... /usr/include/x86_64-linux-gnu/bits/types/__mbstate_t.h
.. /usr/include/x86_64-linux-gnu/bits/types/__fpos64_t.h
.. /usr/include/x86_64-linux-gnu/bits/types/__FILE.h
.. /usr/include/x86_64-linux-gnu/bits/types/FILE.h
.. /usr/include/x86_64-linux-gnu/bits/types/struct_FILE.h
.. /usr/include/x86_64-linux-gnu/bits/stdio_lim.h
.. /usr/include/x86_64-linux-gnu/bits/sys_errlist.h
. /usr/include/x86_64-linux-gnu/sys/types.h
.. /usr/include/x86_64-linux-gnu/bits/types/clock_t.h
.. /usr/include/x86_64-linux-gnu/bits/types/clockid_t.h
.. /usr/include/x86_64-linux-gnu/bits/types/time_t.h
.. /usr/include/x86_64-linux-gnu/bits/types/timer_t.h
.. /usr/lib/gcc/x86_64-linux-gnu/9/include/stddef.h
.. /usr/include/x86_64-linux-gnu/bits/stdint-intn.h
.. /usr/include/endian.h
... /usr/include/x86_64-linux-gnu/bits/endian.h
.... /usr/include/x86_64-linux-gnu/bits/endianness.h
... /usr/include/x86_64-linux-gnu/bits/byteswap.h
... /usr/include/x86_64-linux-gnu/bits/uintn-identity.h
.. /usr/include/x86_64-linux-gnu/sys/select.h
... /usr/include/x86_64-linux-gnu/bits/select.h
.... /usr/include/x86_64-linux-gnu/bits/wordsize.h
... /usr/include/x86_64-linux-gnu/bits/types/sigset_t.h
.... /usr/include/x86_64-linux-gnu/bits/types/__sigset_t.h
... /usr/include/x86_64-linux-gnu/bits/types/struct_timeval.h
... /usr/include/x86_64-linux-gnu/bits/types/struct_timespec.h
.. /usr/include/x86_64-linux-gnu/bits/pthreadtypes.h
... /usr/include/x86_64-linux-gnu/bits/thread-shared-types.h
.... /usr/include/x86_64-linux-gnu/bits/pthreadtypes-arch.h
..... /usr/include/x86_64-linux-gnu/bits/wordsize.h
.... /usr/include/x86_64-linux-gnu/bits/struct_mutex.h
.... /usr/include/x86_64-linux-gnu/bits/struct_rwlock.h
. /usr/include/x86_64-linux-gnu/sys/stat.h
.. /usr/include/x86_64-linux-gnu/bits/stat.h
. /usr/include/stdlib.h
.. /usr/include/x86_64-linux-gnu/bits/libc-header-start.h
.. /usr/lib/gcc/x86_64-linux-gnu/9/include/stddef.h
.. /usr/include/x86_64-linux-gnu/bits/waitflags.h
.. /usr/include/x86_64-linux-gnu/bits/waitstatus.h
.. /usr/include/x86_64-linux-gnu/bits/floatn.h
... /usr/include/x86_64-linux-gnu/bits/floatn-common.h
.... /usr/include/x86_64-linux-gnu/bits/long-double.h
.. /usr/include/alloca.h
... /usr/lib/gcc/x86_64-linux-gnu/9/include/stddef.h
.. /usr/include/x86_64-linux-gnu/bits/stdlib-float.h
. /usr/lib/gcc/x86_64-linux-gnu/9/include/stddef.h
. /usr/include/string.h
.. /usr/include/x86_64-linux-gnu/bits/libc-header-start.h
.. /usr/lib/gcc/x86_64-linux-gnu/9/include/stddef.h
.. /usr/include/x86_64-linux-gnu/bits/types/locale_t.h
... /usr/include/x86_64-linux-gnu/bits/types/__locale_t.h
.. /usr/include/strings.h
... /usr/lib/gcc/x86_64-linux-gnu/9/include/stddef.h
. /usr/include/inttypes.h
.. /usr/lib/gcc/x86_64-linux-gnu/9/include/stdint.h
... /usr/include/stdint.h
.... /usr/include/x86_64-linux-gnu/bits/libc-header-start.h
.... /usr/include/x86_64-linux-gnu/bits/wchar.h
.... /usr/include/x86_64-linux-gnu/bits/wordsize.h
.... /usr/include/x86_64-linux-gnu/bits/stdint-uintn.h
. /usr/include/unistd.h
.. /usr/include/x86_64-linux-gnu/bits/posix_opt.h
.. /usr/include/x86_64-linux-gnu/bits/environments.h
... /usr/include/x86_64-linux-gnu/bits/wordsize.h
.. /usr/lib/gcc/x86_64-linux-gnu/9/include/stddef.h
.. /usr/include/x86_64-linux-gnu/bits/confname.h
.. /usr/include/x86_64-linux-gnu/bits/getopt_posix.h
... /usr/include/x86_64-linux-gnu/bits/getopt_core.h
.. /usr/include/x86_64-linux-gnu/bits/unistd_ext.h
. /usr/include/dlfcn.h
.. /usr/lib/gcc/x86_64-linux-gnu/9/include/stddef.h
.. /usr/include/x86_64-linux-gnu/bits/dlfcn.h
Multiple include guards may be useful for:
/usr/include/x86_64-linux-gnu/bits/byteswap.h
/usr/include/x86_64-linux-gnu/bits/confname.h
/usr/include/x86_64-linux-gnu/bits/dlfcn.h
/usr/include/x86_64-linux-gnu/bits/environments.h
/usr/include/x86_64-linux-gnu/bits/select.h
/usr/include/x86_64-linux-gnu/bits/stat.h
/usr/include/x86_64-linux-gnu/bits/stdlib-float.h
/usr/include/x86_64-linux-gnu/bits/sys_errlist.h
/usr/include/x86_64-linux-gnu/bits/time64.h
/usr/include/x86_64-linux-gnu/bits/timesize.h
/usr/include/x86_64-linux-gnu/bits/typesizes.h
/usr/include/x86_64-linux-gnu/bits/uintn-identity.h
/usr/include/x86_64-linux-gnu/bits/unistd_ext.h
/usr/include/x86_64-linux-gnu/bits/waitflags.h
/usr/include/x86_64-linux-gnu/bits/waitstatus.h
/usr/include/x86_64-linux-gnu/gnu/stubs-64.h
/usr/include/x86_64-linux-gnu/gnu/stubs.h
configure:7086: $? = 0
configure:7086: result: yes
configure:7273: checking for objdir
configure:7288: result: .libs
configure:7559: checking if gcc supports -fno-rtti -fno-exceptions
configure:7577: gcc -c -H  -fno-rtti -fno-exceptions conftest.c >&5
cc1: warning: command line option '-fno-rtti' is valid for C++/D/ObjC++ but not for C
configure:7581: $? = 0
configure:7594: result: no
configure:7614: checking for gcc option to produce PIC
configure:7900: result: -fPIC -DPIC
configure:7912: checking if gcc PIC flag -fPIC -DPIC works
configure:7930: gcc -c -H  -fPIC -DPIC -DPIC conftest.c >&5
configure:7934: $? = 0
configure:7947: result: yes
configure:7971: checking if gcc static flag -static works
configure:7999: result: yes
configure:8014: checking if gcc supports -c -o file.o
configure:8035: gcc -c -H  -o out/conftest2.o conftest.c >&5
configure:8039: $? = 0
configure:8061: result: yes
configure:8069: checking if gcc supports -c -o file.o
configure:8116: result: yes
configure:8149: checking whether the gcc linker (ld -m elf_x86_64) supports shared libraries
configure:9229: result: yes
configure:9474: checking dynamic linker characteristics
configure:9933: gcc -o conftest -H  -static-libstdc++ -static-libgcc  -Wl,-rpath -Wl,/foo conftest.c  >&5
configure:9933: $? = 0
configure:10155: result: GNU/Linux ld.so
configure:10262: checking how to hardcode library paths into programs
configure:10287: result: immediate
configure:10842: checking whether stripping libraries is possible
configure:10847: result: yes
configure:10882: checking if libtool supports shared libraries
configure:10884: result: yes
configure:10887: checking whether to build shared libraries
configure:10908: result: no
configure:10911: checking whether to build static libraries
configure:10915: result: yes
configure:8073: checking how to run the C preprocessor
configure:8143: result: gcc -E
configure:8163: gcc -E  conftest.c
configure:8163: $? = 0
configure:8177: gcc -E  conftest.c
conftest.c:23:10: fatal error: ac_nonexistent.h: No such file or directory
   23 | #include <ac_nonexistent.h>
      |          ^~~~~~~~~~~~~~~~~~
compilation terminated.
configure:8177: $? = 1
configure: failed program was:
| /* confdefs.h */
| #define PACKAGE_NAME "zlib"
| #define PACKAGE_TARNAME "zlib"
| #define PACKAGE_VERSION "1.1.4"
| #define PACKAGE_STRING "zlib 1.1.4"
| #define PACKAGE_BUGREPORT ""
| #define PACKAGE_URL ""
| #define PACKAGE "zlib"
| #define VERSION "1.1.4"
| #define STDC_HEADERS 1
| #define HAVE_SYS_TYPES_H 1
| #define HAVE_SYS_STAT_H 1
| #define HAVE_STDLIB_H 1
| #define HAVE_STRING_H 1
| #define HAVE_MEMORY_H 1
| #define HAVE_STRINGS_H 1
| #define HAVE_INTTYPES_H 1
| #define HAVE_STDINT_H 1
| #define HAVE_UNISTD_H 1
| #define HAVE_DLFCN_H 1
| #define LT_OBJDIR ".libs/"
| /* end confdefs.h.  */
| #include <ac_nonexistent.h>
configure:8230: checking for stdlib.h
configure:8230: result: yes
configure:8230: checking for unistd.h
configure:8230: result: yes
configure:8230: checking for sys/param.h
configure:8230: gcc -c -H  conftest.c >&5
. /usr/include/stdio.h
.. /usr/include/x86_64-linux-gnu/bits/libc-header-start.h
... /usr/include/features.h
.... /usr/include/x86_64-linux-gnu/sys/cdefs.h
..... /usr/include/x86_64-linux-gnu/bits/wordsize.h
..... /usr/include/x86_64-linux-gnu/bits/long-double.h
.... /usr/include/x86_64-linux-gnu/gnu/stubs.h
..... /usr/include/x86_64-linux-gnu/gnu/stubs-64.h
.. /usr/lib/gcc/x86_64-linux-gnu/9/include/stddef.h
.. /usr/lib/gcc/x86_64-linux-gnu/9/include/stdarg.h
.. /usr/include/x86_64-linux-gnu/bits/types.h
... /usr/include/x86_64-linux-gnu/bits/wordsize.h
... /usr/include/x86_64-linux-gnu/bits/timesize.h
... /usr/include/x86_64-linux-gnu/bits/typesizes.h
... /usr/include/x86_64-linux-gnu/bits/time64.h
.. /usr/include/x86_64-linux-gnu/bits/types/__fpos_t.h
... /usr/include/x86_64-linux-gnu/bits/types/__mbstate_t.h
.. /usr/include/x86_64-linux-gnu/bits/types/__fpos64_t.h
.. /usr/include/x86_64-linux-gnu/bits/types/__FILE.h
.. /usr/include/x86_64-linux-gnu/bits/types/FILE.h
.. /usr/include/x86_64-linux-gnu/bits/types/struct_FILE.h
.. /usr/include/x86_64-linux-gnu/bits/stdio_lim.h
.. /usr/include/x86_64-linux-gnu/bits/sys_errlist.h
. /usr/include/x86_64-linux-gnu/sys/types.h
.. /usr/include/x86_64-linux-gnu/bits/types/clock_t.h
.. /usr/include/x86_64-linux-gnu/bits/types/clockid_t.h
.. /usr/include/x86_64-linux-gnu/bits/types/time_t.h
.. /usr/include/x86_64-linux-gnu/bits/types/timer_t.h
.. /usr/lib/gcc/x86_64-linux-gnu/9/include/stddef.h
.. /usr/include/x86_64-linux-gnu/bits/stdint-intn.h
.. /usr/include/endian.h
... /usr/include/x86_64-linux-gnu/bits/endian.h
.... /usr/include/x86_64-linux-gnu/bits/endianness.h
... /usr/include/x86_64-linux-gnu/bits/byteswap.h
... /usr/include/x86_64-linux-gnu/bits/uintn-identity.h
.. /usr/include/x86_64-linux-gnu/sys/select.h
... /usr/include/x86_64-linux-gnu/bits/select.h
.... /usr/include/x86_64-linux-gnu/bits/wordsize.h
... /usr/include/x86_64-linux-gnu/bits/types/sigset_t.h
.... /usr/include/x86_64-linux-gnu/bits/types/__sigset_t.h
... /usr/include/x86_64-linux-gnu/bits/types/struct_timeval.h
... /usr/include/x86_64-linux-gnu/bits/types/struct_timespec.h
.. /usr/include/x86_64-linux-gnu/bits/pthreadtypes.h
... /usr/include/x86_64-linux-gnu/bits/thread-shared-types.h
.... /usr/include/x86_64-linux-gnu/bits/pthreadtypes-arch.h
..... /usr/include/x86_64-linux-gnu/bits/wordsize.h
.... /usr/include/x86_64-linux-gnu/bits/struct_mutex.h
.... /usr/include/x86_64-linux-gnu/bits/struct_rwlock.h
. /usr/include/x86_64-linux-gnu/sys/stat.h
.. /usr/include/x86_64-linux-gnu/bits/stat.h
. /usr/include/stdlib.h
.. /usr/include/x86_64-linux-gnu/bits/libc-header-start.h
.. /usr/lib/gcc/x86_64-linux-gnu/9/include/stddef.h
.. /usr/include/x86_64-linux-gnu/bits/waitflags.h
.. /usr/include/x86_64-linux-gnu/bits/waitstatus.h
.. /usr/include/x86_64-linux-gnu/bits/floatn.h
... /usr/include/x86_64-linux-gnu/bits/floatn-common.h
.... /usr/include/x86_64-linux-gnu/bits/long-double.h
.. /usr/include/alloca.h
... /usr/lib/gcc/x86_64-linux-gnu/9/include/stddef.h
.. /usr/include/x86_64-linux-gnu/bits/stdlib-float.h
. /usr/lib/gcc/x86_64-linux-gnu/9/include/stddef.h
. /usr/include/string.h
.. /usr/include/x86_64-linux-gnu/bits/libc-header-start.h
.. /usr/lib/gcc/x86_64-linux-gnu/9/include/stddef.h
.. /usr/include/x86_64-linux-gnu/bits/types/locale_t.h
... /usr/include/x86_64-linux-gnu/bits/types/__locale_t.h
.. /usr/include/strings.h
... /usr/lib/gcc/x86_64-linux-gnu/9/include/stddef.h
. /usr/include/inttypes.h
.. /usr/lib/gcc/x86_64-linux-gnu/9/include/stdint.h
... /usr/include/stdint.h
.... /usr/include/x86_64-linux-gnu/bits/libc-header-start.h
.... /usr/include/x86_64-linux-gnu/bits/wchar.h
.... /usr/include/x86_64-linux-gnu/bits/wordsize.h
.... /usr/include/x86_64-linux-gnu/bits/stdint-uintn.h
. /usr/include/unistd.h
.. /usr/include/x86_64-linux-gnu/bits/posix_opt.h
.. /usr/include/x86_64-linux-gnu/bits/environments.h
... /usr/include/x86_64-linux-gnu/bits/wordsize.h
.. /usr/lib/gcc/x86_64-linux-gnu/9/include/stddef.h
.. /usr/include/x86_64-linux-gnu/bits/confname.h
.. /usr/include/x86_64-linux-gnu/bits/getopt_posix.h
... /usr/include/x86_64-linux-gnu/bits/getopt_core.h
.. /usr/include/x86_64-linux-gnu/bits/unistd_ext.h
. /usr/include/x86_64-linux-gnu/sys/param.h
.. /usr/lib/gcc/x86_64-linux-gnu/9/include/stddef.h
.. /usr/lib/gcc/x86_64-linux-gnu/9/include/limits.h
... /usr/lib/gcc/x86_64-linux-gnu/9/include/syslimits.h
.... /usr/lib/gcc/x86_64-linux-gnu/9/include/limits.h
..... /usr/include/limits.h
...... /usr/include/x86_64-linux-gnu/bits/libc-header-start.h
...... /usr/include/x86_64-linux-gnu/bits/posix1_lim.h
....... /usr/include/x86_64-linux-gnu/bits/wordsize.h
....... /usr/include/x86_64-linux-gnu/bits/local_lim.h
........ /usr/include/linux/limits.h
...... /usr/include/x86_64-linux-gnu/bits/posix2_lim.h
.. /usr/include/signal.h
... /usr/include/x86_64-linux-gnu/bits/signum.h
.... /usr/include/x86_64-linux-gnu/bits/signum-generic.h
... /usr/include/x86_64-linux-gnu/bits/types/sig_atomic_t.h
... /usr/include/x86_64-linux-gnu/bits/types/siginfo_t.h
.... /usr/include/x86_64-linux-gnu/bits/wordsize.h
.... /usr/include/x86_64-linux-gnu/bits/types/__sigval_t.h
.... /usr/include/x86_64-linux-gnu/bits/siginfo-arch.h
... /usr/include/x86_64-linux-gnu/bits/siginfo-consts.h
... /usr/include/x86_64-linux-gnu/bits/types/sigval_t.h
... /usr/include/x86_64-linux-gnu/bits/types/sigevent_t.h
.... /usr/include/x86_64-linux-gnu/bits/wordsize.h
... /usr/include/x86_64-linux-gnu/bits/sigevent-consts.h
... /usr/include/x86_64-linux-gnu/bits/sigaction.h
... /usr/include/x86_64-linux-gnu/bits/sigcontext.h
... /usr/lib/gcc/x86_64-linux-gnu/9/include/stddef.h
... /usr/include/x86_64-linux-gnu/bits/types/stack_t.h
.... /usr/lib/gcc/x86_64-linux-gnu/9/include/stddef.h
... /usr/include/x86_64-linux-gnu/sys/ucontext.h
... /usr/include/x86_64-linux-gnu/bits/sigstack.h
... /usr/include/x86_64-linux-gnu/bits/ss_flags.h
... /usr/include/x86_64-linux-gnu/bits/types/struct_sigstack.h
... /usr/include/x86_64-linux-gnu/bits/sigthread.h
... /usr/include/x86_64-linux-gnu/bits/signal_ext.h
.. /usr/include/x86_64-linux-gnu/bits/param.h
... /usr/include/linux/param.h
.... /usr/include/x86_64-linux-gnu/asm/param.h
..... /usr/include/asm-generic/param.h
Multiple include guards may be useful for:
/usr/include/limits.h
/usr/include/x86_64-linux-gnu/asm/param.h
/usr/include/x86_64-linux-gnu/bits/byteswap.h
/usr/include/x86_64-linux-gnu/bits/confname.h
/usr/include/x86_64-linux-gnu/bits/environments.h
/usr/include/x86_64-linux-gnu/bits/local_lim.h
/usr/include/x86_64-linux-gnu/bits/param.h
/usr/include/x86_64-linux-gnu/bits/select.h
/usr/include/x86_64-linux-gnu/bits/signal_ext.h
/usr/include/x86_64-linux-gnu/bits/stat.h
/usr/include/x86_64-linux-gnu/bits/stdlib-float.h
/usr/include/x86_64-linux-gnu/bits/sys_errlist.h
/usr/include/x86_64-linux-gnu/bits/time64.h
/usr/include/x86_64-linux-gnu/bits/timesize.h
/usr/include/x86_64-linux-gnu/bits/typesizes.h
/usr/include/x86_64-linux-gnu/bits/uintn-identity.h
/usr/include/x86_64-linux-gnu/bits/unistd_ext.h
/usr/include/x86_64-linux-gnu/bits/waitflags.h
/usr/include/x86_64-linux-gnu/bits/waitstatus.h
/usr/include/x86_64-linux-gnu/gnu/stubs-64.h
/usr/include/x86_64-linux-gnu/gnu/stubs.h
/usr/lib/gcc/x86_64-linux-gnu/9/include/syslimits.h
configure:8230: $? = 0
configure:8230: result: yes
configure:8250: checking for getpagesize
configure:8250: gcc -o conftest -H  -static-libstdc++ -static-libgcc  conftest.c  >&5
. /usr/lib/gcc/x86_64-linux-gnu/9/include/limits.h
.. /usr/lib/gcc/x86_64-linux-gnu/9/include/syslimits.h
... /usr/lib/gcc/x86_64-linux-gnu/9/include/limits.h
.... /usr/include/limits.h
..... /usr/include/x86_64-linux-gnu/bits/libc-header-start.h
...... /usr/include/features.h
....... /usr/include/x86_64-linux-gnu/sys/cdefs.h
........ /usr/include/x86_64-linux-gnu/bits/wordsize.h
........ /usr/include/x86_64-linux-gnu/bits/long-double.h
....... /usr/include/x86_64-linux-gnu/gnu/stubs.h
........ /usr/include/x86_64-linux-gnu/gnu/stubs-64.h
..... /usr/include/x86_64-linux-gnu/bits/posix1_lim.h
...... /usr/include/x86_64-linux-gnu/bits/wordsize.h
...... /usr/include/x86_64-linux-gnu/bits/local_lim.h
....... /usr/include/linux/limits.h
..... /usr/include/x86_64-linux-gnu/bits/posix2_lim.h
Multiple include guards may be useful for:
/usr/include/limits.h
/usr/include/x86_64-linux-gnu/bits/libc-header-start.h
/usr/include/x86_64-linux-gnu/bits/local_lim.h
/usr/include/x86_64-linux-gnu/bits/long-double.h
/usr/include/x86_64-linux-gnu/gnu/stubs-64.h
/usr/include/x86_64-linux-gnu/gnu/stubs.h
/usr/lib/gcc/x86_64-linux-gnu/9/include/syslimits.h
configure:8250: $? = 0
configure:8250: result: yes
configure:8259: checking for working mmap
configure:8406: gcc -o conftest -H  -static-libstdc++ -static-libgcc  conftest.c  >&5
. /usr/include/stdio.h
.. /usr/include/x86_64-linux-gnu/bits/libc-header-start.h
... /usr/include/features.h
.... /usr/include/x86_64-linux-gnu/sys/cdefs.h
..... /usr/include/x86_64-linux-gnu/bits/wordsize.h
..... /usr/include/x86_64-linux-gnu/bits/long-double.h
.... /usr/include/x86_64-linux-gnu/gnu/stubs.h
..... /usr/include/x86_64-linux-gnu/gnu/stubs-64.h
.. /usr/lib/gcc/x86_64-linux-gnu/9/include/stddef.h
.. /usr/lib/gcc/x86_64-linux-gnu/9/include/stdarg.h
.. /usr/include/x86_64-linux-gnu/bits/types.h
... /usr/include/x86_64-linux-gnu/bits/wordsize.h
... /usr/include/x86_64-linux-gnu/bits/timesize.h
... /usr/include/x86_64-linux-gnu/bits/typesizes.h
... /usr/include/x86_64-linux-gnu/bits/time64.h
.. /usr/include/x86_64-linux-gnu/bits/types/__fpos_t.h
... /usr/include/x86_64-linux-gnu/bits/types/__mbstate_t.h
.. /usr/include/x86_64-linux-gnu/bits/types/__fpos64_t.h
.. /usr/include/x86_64-linux-gnu/bits/types/__FILE.h
.. /usr/include/x86_64-linux-gnu/bits/types/FILE.h
.. /usr/include/x86_64-linux-gnu/bits/types/struct_FILE.h
.. /usr/include/x86_64-linux-gnu/bits/stdio_lim.h
.. /usr/include/x86_64-linux-gnu/bits/sys_errlist.h
. /usr/include/x86_64-linux-gnu/sys/types.h
.. /usr/include/x86_64-linux-gnu/bits/types/clock_t.h
.. /usr/include/x86_64-linux-gnu/bits/types/clockid_t.h
.. /usr/include/x86_64-linux-gnu/bits/types/time_t.h
.. /usr/include/x86_64-linux-gnu/bits/types/timer_t.h
.. /usr/lib/gcc/x86_64-linux-gnu/9/include/stddef.h
.. /usr/include/x86_64-linux-gnu/bits/stdint-intn.h
.. /usr/include/endian.h
... /usr/include/x86_64-linux-gnu/bits/endian.h
.... /usr/include/x86_64-linux-gnu/bits/endianness.h
... /usr/include/x86_64-linux-gnu/bits/byteswap.h
... /usr/include/x86_64-linux-gnu/bits/uintn-identity.h
.. /usr/include/x86_64-linux-gnu/sys/select.h
... /usr/include/x86_64-linux-gnu/bits/select.h
.... /usr/include/x86_64-linux-gnu/bits/wordsize.h
... /usr/include/x86_64-linux-gnu/bits/types/sigset_t.h
.... /usr/include/x86_64-linux-gnu/bits/types/__sigset_t.h
... /usr/include/x86_64-linux-gnu/bits/types/struct_timeval.h
... /usr/include/x86_64-linux-gnu/bits/types/struct_timespec.h
.. /usr/include/x86_64-linux-gnu/bits/pthreadtypes.h
... /usr/include/x86_64-linux-gnu/bits/thread-shared-types.h
.... /usr/include/x86_64-linux-gnu/bits/pthreadtypes-arch.h
..... /usr/include/x86_64-linux-gnu/bits/wordsize.h
.... /usr/include/x86_64-linux-gnu/bits/struct_mutex.h
.... /usr/include/x86_64-linux-gnu/bits/struct_rwlock.h
. /usr/include/x86_64-linux-gnu/sys/stat.h
.. /usr/include/x86_64-linux-gnu/bits/stat.h
. /usr/include/stdlib.h
.. /usr/include/x86_64-linux-gnu/bits/libc-header-start.h
.. /usr/lib/gcc/x86_64-linux-gnu/9/include/stddef.h
.. /usr/include/x86_64-linux-gnu/bits/waitflags.h
.. /usr/include/x86_64-linux-gnu/bits/waitstatus.h
.. /usr/include/x86_64-linux-gnu/bits/floatn.h
... /usr/include/x86_64-linux-gnu/bits/floatn-common.h
.... /usr/include/x86_64-linux-gnu/bits/long-double.h
.. /usr/include/alloca.h
... /usr/lib/gcc/x86_64-linux-gnu/9/include/stddef.h
.. /usr/include/x86_64-linux-gnu/bits/stdlib-float.h
. /usr/lib/gcc/x86_64-linux-gnu/9/include/stddef.h
. /usr/include/string.h
.. /usr/include/x86_64-linux-gnu/bits/libc-header-start.h
.. /usr/lib/gcc/x86_64-linux-gnu/9/include/stddef.h
.. /usr/include/x86_64-linux-gnu/bits/types/locale_t.h
... /usr/include/x86_64-linux-gnu/bits/types/__locale_t.h
.. /usr/include/strings.h
... /usr/lib/gcc/x86_64-linux-gnu/9/include/stddef.h
. /usr/include/inttypes.h
.. /usr/lib/gcc/x86_64-linux-gnu/9/include/stdint.h
... /usr/include/stdint.h
.... /usr/include/x86_64-linux-gnu/bits/libc-header-start.h
.... /usr/include/x86_64-linux-gnu/bits/wchar.h
.... /usr/include/x86_64-linux-gnu/bits/wordsize.h
.... /usr/include/x86_64-linux-gnu/bits/stdint-uintn.h
. /usr/include/unistd.h
.. /usr/include/x86_64-linux-gnu/bits/posix_opt.h
.. /usr/include/x86_64-linux-gnu/bits/environments.h
... /usr/include/x86_64-linux-gnu/bits/wordsize.h
.. /usr/lib/gcc/x86_64-linux-gnu/9/include/stddef.h
.. /usr/include/x86_64-linux-gnu/bits/confname.h
.. /usr/include/x86_64-linux-gnu/bits/getopt_posix.h
... /usr/include/x86_64-linux-gnu/bits/getopt_core.h
.. /usr/include/x86_64-linux-gnu/bits/unistd_ext.h
. /usr/include/fcntl.h
.. /usr/include/x86_64-linux-gnu/bits/fcntl.h
... /usr/include/x86_64-linux-gnu/bits/fcntl-linux.h
.. /usr/include/x86_64-linux-gnu/bits/stat.h
. /usr/include/x86_64-linux-gnu/sys/mman.h
.. /usr/lib/gcc/x86_64-linux-gnu/9/include/stddef.h
.. /usr/include/x86_64-linux-gnu/bits/mman.h
... /usr/include/x86_64-linux-gnu/bits/mman-map-flags-generic.h
... /usr/include/x86_64-linux-gnu/bits/mman-linux.h
.... /usr/include/x86_64-linux-gnu/bits/mman-shared.h
Multiple include guards may be useful for:
/usr/include/x86_64-linux-gnu/bits/byteswap.h
/usr/include/x86_64-linux-gnu/bits/confname.h
/usr/include/x86_64-linux-gnu/bits/environments.h
/usr/include/x86_64-linux-gnu/bits/fcntl-linux.h
/usr/include/x86_64-linux-gnu/bits/fcntl.h
/usr/include/x86_64-linux-gnu/bits/mman-linux.h
/usr/include/x86_64-linux-gnu/bits/mman-map-flags-generic.h
/usr/include/x86_64-linux-gnu/bits/mman-shared.h
/usr/include/x86_64-linux-gnu/bits/mman.h
/usr/include/x86_64-linux-gnu/bits/select.h
/usr/include/x86_64-linux-gnu/bits/stdlib-float.h
/usr/include/x86_64-linux-gnu/bits/sys_errlist.h
/usr/include/x86_64-linux-gnu/bits/time64.h
/usr/include/x86_64-linux-gnu/bits/timesize.h
/usr/include/x86_64-linux-gnu/bits/typesizes.h
/usr/include/x86_64-linux-gnu/bits/uintn-identity.h
/usr/include/x86_64-linux-gnu/bits/unistd_ext.h
/usr/include/x86_64-linux-gnu/bits/waitflags.h
/usr/include/x86_64-linux-gnu/bits/waitstatus.h
/usr/include/x86_64-linux-gnu/gnu/stubs-64.h
/usr/include/x86_64-linux-gnu/gnu/stubs.h
configure:8406: $? = 0
configure:8406: ./conftest
configure:8406: $? = 0
configure:8416: result: yes
configure:8429: checking for memcpy
configure:8429: gcc -o conftest -H  -static-libstdc++ -static-libgcc  conftest.c  >&5
. /usr/lib/gcc/x86_64-linux-gnu/9/include/limits.h
.. /usr/lib/gcc/x86_64-linux-gnu/9/include/syslimits.h
... /usr/lib/gcc/x86_64-linux-gnu/9/include/limits.h
.... /usr/include/limits.h
..... /usr/include/x86_64-linux-gnu/bits/libc-header-start.h
...... /usr/include/features.h
....... /usr/include/x86_64-linux-gnu/sys/cdefs.h
........ /usr/include/x86_64-linux-gnu/bits/wordsize.h
........ /usr/include/x86_64-linux-gnu/bits/long-double.h
....... /usr/include/x86_64-linux-gnu/gnu/stubs.h
........ /usr/include/x86_64-linux-gnu/gnu/stubs-64.h
..... /usr/include/x86_64-linux-gnu/bits/posix1_lim.h
...... /usr/include/x86_64-linux-gnu/bits/wordsize.h
...... /usr/include/x86_64-linux-gnu/bits/local_lim.h
....... /usr/include/linux/limits.h
..... /usr/include/x86_64-linux-gnu/bits/posix2_lim.h
conftest.c:51:6: warning: conflicting types for built-in function 'memcpy'; expected 'void *(void *, const void *, long unsigned int)' [-Wbuiltin-declaration-mismatch]
   51 | char memcpy ();
      |      ^~~~~~
conftest.c:39:1: note: 'memcpy' is declared in header '<string.h>'
   38 | # include <limits.h>
   39 | #else
Multiple include guards may be useful for:
/usr/include/limits.h
/usr/include/x86_64-linux-gnu/bits/libc-header-start.h
/usr/include/x86_64-linux-gnu/bits/local_lim.h
/usr/include/x86_64-linux-gnu/bits/long-double.h
/usr/include/x86_64-linux-gnu/gnu/stubs-64.h
/usr/include/x86_64-linux-gnu/gnu/stubs.h
/usr/lib/gcc/x86_64-linux-gnu/9/include/syslimits.h
configure:8429: $? = 0
configure:8429: result: yes
configure:8429: checking for strerror
configure:8429: gcc -o conftest -H  -static-libstdc++ -static-libgcc  conftest.c  >&5
. /usr/lib/gcc/x86_64-linux-gnu/9/include/limits.h
.. /usr/lib/gcc/x86_64-linux-gnu/9/include/syslimits.h
... /usr/lib/gcc/x86_64-linux-gnu/9/include/limits.h
.... /usr/include/limits.h
..... /usr/include/x86_64-linux-gnu/bits/libc-header-start.h
...... /usr/include/features.h
....... /usr/include/x86_64-linux-gnu/sys/cdefs.h
........ /usr/include/x86_64-linux-gnu/bits/wordsize.h
........ /usr/include/x86_64-linux-gnu/bits/long-double.h
....... /usr/include/x86_64-linux-gnu/gnu/stubs.h
........ /usr/include/x86_64-linux-gnu/gnu/stubs-64.h
..... /usr/include/x86_64-linux-gnu/bits/posix1_lim.h
...... /usr/include/x86_64-linux-gnu/bits/wordsize.h
...... /usr/include/x86_64-linux-gnu/bits/local_lim.h
....... /usr/include/linux/limits.h
..... /usr/include/x86_64-linux-gnu/bits/posix2_lim.h
Multiple include guards may be useful for:
/usr/include/limits.h
/usr/include/x86_64-linux-gnu/bits/libc-header-start.h
/usr/include/x86_64-linux-gnu/bits/local_lim.h
/usr/include/x86_64-linux-gnu/bits/long-double.h
/usr/include/x86_64-linux-gnu/gnu/stubs-64.h
/usr/include/x86_64-linux-gnu/gnu/stubs.h
/usr/lib/gcc/x86_64-linux-gnu/9/include/syslimits.h
configure:8429: $? = 0
configure:8429: result: yes
configure:8442: checking for unistd.h
configure:8442: result: yes
configure:8579: updating cache ./config.cache
configure:8659: checking that generated files are newer than configure
configure:8665: result: done
configure:8696: creating ./config.status

## ---------------------- ##
## Running config.status. ##
## ---------------------- ##

This file was extended by zlib config.status 1.1.4, which was
generated by GNU Autoconf 2.69.  Invocation command line was

  CONFIG_FILES    = 
  CONFIG_HEADERS  = 
  CONFIG_LINKS    = 
  CONFIG_COMMANDS = 
  $ ./config.status 

on ws-032fc029-e135-4b5f-9ff4-63995f0df887

config.status:1016: creating Makefile
config.status:1173: executing depfiles commands
config.status:1173: executing libtool commands

## ---------------- ##
## Cache variables. ##
## ---------------- ##

ac_cv_build=x86_64-pc-linux-gnu
ac_cv_c_compiler_gnu=yes
ac_cv_env_CPPFLAGS_set=
ac_cv_env_CPPFLAGS_value=
ac_cv_env_CPP_set=
ac_cv_env_CPP_value=
ac_cv_env_build_alias_set=set
ac_cv_env_build_alias_value=x86_64-pc-linux-gnu
ac_cv_env_host_alias_set=set
ac_cv_env_host_alias_value=x86_64-pc-linux-gnu
ac_cv_env_target_alias_set=set
ac_cv_env_target_alias_value=x86_64-lfs-linux-gnu
ac_cv_func_getpagesize=yes
ac_cv_func_memcpy=yes
ac_cv_func_mmap_fixed_mapped=yes
ac_cv_func_strerror=yes
ac_cv_header_dlfcn_h=yes
ac_cv_header_inttypes_h=yes
ac_cv_header_memory_h=yes
ac_cv_header_stdc=yes
ac_cv_header_stdint_h=yes
ac_cv_header_stdlib_h=yes
ac_cv_header_string_h=yes
ac_cv_header_strings_h=yes
ac_cv_header_sys_param_h=yes
ac_cv_header_sys_stat_h=yes
ac_cv_header_sys_types_h=yes
ac_cv_header_unistd_h=yes
ac_cv_host=x86_64-pc-linux-gnu
ac_cv_objext=o
ac_cv_path_EGREP='/usr/bin/grep -E'
ac_cv_path_FGREP='/usr/bin/grep -F'
ac_cv_path_GREP=/usr/bin/grep
ac_cv_path_SED=/usr/bin/sed
ac_cv_path_mkdir=/usr/bin/mkdir
ac_cv_prog_AR=ar
ac_cv_prog_AWK=gawk
ac_cv_prog_CC=gcc
ac_cv_prog_CPP='gcc -E'
ac_cv_prog_OBJDUMP=objdump
ac_cv_prog_RANLIB=ranlib
ac_cv_prog_ac_ct_STRIP=strip
ac_cv_prog_cc_c89=
ac_cv_prog_cc_g=yes
ac_cv_prog_make_make_set=yes
ac_cv_target=x86_64-lfs-linux-gnu
am_cv_CC_dependencies_compiler_type=gcc3
am_cv_make_support_nested_variables=yes
am_cv_prog_cc_c_o=yes
lt_cv_deplibs_check_method=pass_all
lt_cv_file_magic_cmd='$MAGIC_CMD'
lt_cv_file_magic_test_file=
lt_cv_ld_reload_flag=-r
lt_cv_nm_interface='BSD nm'
lt_cv_objdir=.libs
lt_cv_path_LD=ld
lt_cv_path_NM=nm
lt_cv_prog_compiler_c_o=yes
lt_cv_prog_compiler_pic_works=yes
lt_cv_prog_compiler_rtti_exceptions=no
lt_cv_prog_compiler_static_works=yes
lt_cv_prog_gnu_ld=yes
lt_cv_shlibpath_overrides_runpath=yes
lt_cv_sys_global_symbol_pipe='sed -n -e '\''s/^.*[	 ]\([ABCDGIRSTW][ABCDGIRSTW]*\)[	 ][	 ]*\([_A-Za-z][_A-Za-z0-9]*\)$/\1 \2 \2/p'\'''
lt_cv_sys_global_symbol_to_c_name_address='sed -n -e '\''s/^: \([^ ]*\) $/  {\"\1\", (void *) 0},/p'\'' -e '\''s/^[ABCDGIRSTW]* \([^ ]*\) \([^ ]*\)$/  {"\2", (void *) \&\2},/p'\'''
lt_cv_sys_global_symbol_to_c_name_address_lib_prefix='sed -n -e '\''s/^: \([^ ]*\) $/  {\"\1\", (void *) 0},/p'\'' -e '\''s/^[ABCDGIRSTW]* \([^ ]*\) \(lib[^ ]*\)$/  {"\2", (void *) \&\2},/p'\'' -e '\''s/^[ABCDGIRSTW]* \([^ ]*\) \([^ ]*\)$/  {"lib\2", (void *) \&\2},/p'\'''
lt_cv_sys_global_symbol_to_cdecl='sed -n -e '\''s/^T .* \(.*\)$/extern int \1();/p'\'' -e '\''s/^[ABCDGIRSTW]* .* \(.*\)$/extern char \1;/p'\'''
lt_cv_sys_max_cmd_len=1572864

## ----------------- ##
## Output variables. ##
## ----------------- ##

ACLOCAL='${SHELL} /workspace/test/gogo/gcc-10.2.0/missing aclocal-1.15'
AMDEPBACKSLASH='\'
AMDEP_FALSE='#'
AMDEP_TRUE=''
AMTAR='$${TAR-tar}'
AM_BACKSLASH='\'
AM_DEFAULT_V='$(AM_DEFAULT_VERBOSITY)'
AM_DEFAULT_VERBOSITY='1'
AM_V='$(V)'
AR='ar'
AUTOCONF='${SHELL} /workspace/test/gogo/gcc-10.2.0/missing autoconf'
AUTOHEADER='${SHELL} /workspace/test/gogo/gcc-10.2.0/missing autoheader'
AUTOMAKE='${SHELL} /workspace/test/gogo/gcc-10.2.0/missing automake-1.15'
AWK='gawk'
CC='gcc'
CCDEPMODE='depmode=gcc3'
CFLAGS='-H'
COMPPATH='.'
CPP='gcc -E'
CPPFLAGS=''
CYGPATH_W='echo'
DEFS='-DPACKAGE_NAME=\"zlib\" -DPACKAGE_TARNAME=\"zlib\" -DPACKAGE_VERSION=\"1.1.4\" -DPACKAGE_STRING=\"zlib\ 1.1.4\" -DPACKAGE_BUGREPORT=\"\" -DPACKAGE_URL=\"\" -DPACKAGE=\"zlib\" -DVERSION=\"1.1.4\" -DSTDC_HEADERS=1 -DHAVE_SYS_TYPES_H=1 -DHAVE_SYS_STAT_H=1 -DHAVE_STDLIB_H=1 -DHAVE_STRING_H=1 -DHAVE_MEMORY_H=1 -DHAVE_STRINGS_H=1 -DHAVE_INTTYPES_H=1 -DHAVE_STDINT_H=1 -DHAVE_UNISTD_H=1 -DHAVE_DLFCN_H=1 -DLT_OBJDIR=\".libs/\" -DHAVE_STDLIB_H=1 -DHAVE_UNISTD_H=1 -DHAVE_SYS_PARAM_H=1 -DHAVE_GETPAGESIZE=1 -DHAVE_MMAP=1 -DHAVE_MEMCPY=1 -DHAVE_STRERROR=1 -DHAVE_UNISTD_H=1'
DEPDIR='.deps'
DSYMUTIL=''
DUMPBIN=''
ECHO_C=''
ECHO_N='-n'
ECHO_T=''
EGREP='/usr/bin/grep -E'
EXEEXT=''
FGREP='/usr/bin/grep -F'
GREP='/usr/bin/grep'
INSTALL_DATA='/usr/bin/install -c -m 644'
INSTALL_PROGRAM='/usr/bin/install -c'
INSTALL_SCRIPT='/usr/bin/install -c'
INSTALL_STRIP_PROGRAM='$(install_sh) -c -s'
LD='ld -m elf_x86_64'
LDFLAGS='-static-libstdc++ -static-libgcc '
LIBOBJS=''
LIBS=''
LIBTOOL='$(SHELL) $(top_builddir)/libtool'
LIPO=''
LN_S='ln -s'
LTLIBOBJS=''
MAINT='#'
MAINTAINER_MODE_FALSE=''
MAINTAINER_MODE_TRUE='#'
MAKEINFO='/workspace/test/gogo/gcc-10.2.0/missing makeinfo --split-size=5000000'
MKDIR_P='/usr/bin/mkdir -p'
NM='nm'
NMEDIT=''
OBJDUMP='objdump'
OBJEXT='o'
OTOOL64=''
OTOOL='otool'
PACKAGE='zlib'
PACKAGE_BUGREPORT=''
PACKAGE_NAME='zlib'
PACKAGE_STRING='zlib 1.1.4'
PACKAGE_TARNAME='zlib'
PACKAGE_URL=''
PACKAGE_VERSION='1.1.4'
PATH_SEPARATOR=':'
PICFLAG=''
RANLIB='ranlib'
SED='/usr/bin/sed'
SET_MAKE=''
SHELL='/bin/bash'
STRIP='strip'
TARGET_LIBRARY_FALSE=''
TARGET_LIBRARY_TRUE='#'
VERSION='1.1.4'
ac_ct_CC=''
ac_ct_DUMPBIN=''
am__EXEEXT_FALSE=''
am__EXEEXT_TRUE='#'
am__fastdepCC_FALSE='#'
am__fastdepCC_TRUE=''
am__include='include'
am__isrc=' -I$(srcdir)'
am__leading_dot='.'
am__nodep='_no'
am__quote=''
am__tar='$${TAR-tar} chof - "$$tardir"'
am__untar='$${TAR-tar} xf -'
bindir='${exec_prefix}/bin'
build='x86_64-pc-linux-gnu'
build_alias='x86_64-pc-linux-gnu'
build_cpu='x86_64'
build_os='linux-gnu'
build_vendor='pc'
datadir='${datarootdir}'
datarootdir='${prefix}/share'
docdir='${datarootdir}/doc/${PACKAGE_TARNAME}'
dvidir='${docdir}'
exec_prefix='${prefix}'
host='x86_64-pc-linux-gnu'
host_alias='x86_64-pc-linux-gnu'
host_cpu='x86_64'
host_os='linux-gnu'
host_vendor='pc'
htmldir='${docdir}'
includedir='${prefix}/include'
infodir='${datarootdir}/info'
install_sh='${SHELL} /workspace/test/gogo/gcc-10.2.0/install-sh'
libdir='${exec_prefix}/lib'
libexecdir='${exec_prefix}/libexec'
localedir='${datarootdir}/locale'
localstatedir='${prefix}/var'
mandir='${datarootdir}/man'
mkdir_p='$(MKDIR_P)'
mkinstalldirs='/workspace/test/gogo/gcc-10.2.0/mkinstalldirs'
multi_basedir=''
oldincludedir='/usr/include'
pdfdir='${docdir}'
prefix='/usr/local'
program_transform_name='s&^&x86_64-lfs-linux-gnu-&'
psdir='${docdir}'
sbindir='${exec_prefix}/sbin'
sharedstatedir='${prefix}/com'
sysconfdir='${prefix}/etc'
target='x86_64-lfs-linux-gnu'
target_alias='x86_64-lfs-linux-gnu'
target_cpu='x86_64'
target_os='linux-gnu'
target_vendor='lfs'
toolexecdir='$(libdir)/gcc-lib/$(target_alias)'
toolexeclibdir='$(libdir)/../lib'

## ----------- ##
## confdefs.h. ##
## ----------- ##

/* confdefs.h */
#define PACKAGE_NAME "zlib"
#define PACKAGE_TARNAME "zlib"
#define PACKAGE_VERSION "1.1.4"
#define PACKAGE_STRING "zlib 1.1.4"
#define PACKAGE_BUGREPORT ""
#define PACKAGE_URL ""
#define PACKAGE "zlib"
#define VERSION "1.1.4"
#define STDC_HEADERS 1
#define HAVE_SYS_TYPES_H 1
#define HAVE_SYS_STAT_H 1
#define HAVE_STDLIB_H 1
#define HAVE_STRING_H 1
#define HAVE_MEMORY_H 1
#define HAVE_STRINGS_H 1
#define HAVE_INTTYPES_H 1
#define HAVE_STDINT_H 1
#define HAVE_UNISTD_H 1
#define HAVE_DLFCN_H 1
#define LT_OBJDIR ".libs/"
#define HAVE_STDLIB_H 1
#define HAVE_UNISTD_H 1
#define HAVE_SYS_PARAM_H 1
#define HAVE_GETPAGESIZE 1
#define HAVE_MMAP 1
#define HAVE_MEMCPY 1
#define HAVE_STRERROR 1
#define HAVE_UNISTD_H 1

configure: exit 0
