This file contains any messages produced by compilers while
running configure, to aid debugging if configure makes a mistake.

It was created by GNU C Runtime Library configure 1.0, which was
generated by GNU Autoconf 2.69.  Invocation command line was

  $ /workspace/test/gogo/gcc-10.2.0/libgcc/configure --srcdir=../../../libgcc --cache-file=./config.cache --with-cross-host=x86_64-pc-linux-gnu --with-glibc-version=2.11 --with-newlib --without-headers --enable-initfini-array --disable-nls --disable-shared --disable-multilib --disable-decimal-float --disable-threads --disable-libatomic --disable-libgomp --disable-libquadmath --disable-libssp --disable-libvtv --disable-libstdcxx --enable-languages=c,c++,lto --program-transform-name=s&^&x86_64-lfs-linux-gnu-& --disable-option-checking --with-target-subdir=x86_64-lfs-linux-gnu --build=x86_64-pc-linux-gnu --host=x86_64-lfs-linux-gnu --target=x86_64-lfs-linux-gnu

## --------- ##
## Platform. ##
## --------- ##

hostname = ws-032fc029-e135-4b5f-9ff4-63995f0df887
uname -m = x86_64
uname -r = 4.14.138+
uname -s = Linux
uname -v = #1 SMP Tue Sep 3 02:58:08 PDT 2019

/usr/bin/uname -p = x86_64
/bin/uname -X     = unknown

/bin/arch              = x86_64
/usr/bin/arch -k       = unknown
/usr/convex/getsysinfo = unknown
/usr/bin/hostinfo      = unknown
/bin/machine           = unknown
/usr/bin/oslevel       = unknown
/bin/universe          = unknown

PATH: /home/gitpod/.cargo/bin
PATH: /home/gitpod/.pyenv/plugins/pyenv-virtualenv/shims
PATH: /home/gitpod/.pyenv/shims
PATH: /workspace/.cargo/bin
PATH: /workspace/.pip-modules/bin
PATH: /workspace/.rvm/bin
PATH: /home/gitpod/.cargo/bin
PATH: /home/gitpod/.sdkman/candidates/maven/current/bin
PATH: /home/gitpod/.sdkman/candidates/java/current/bin
PATH: /home/gitpod/.sdkman/candidates/gradle/current/bin
PATH: /home/gitpod/.cargo/bin
PATH: /home/gitpod/.rvm/gems/ruby-2.6.6/bin
PATH: /home/gitpod/.rvm/gems/ruby-2.6.6@global/bin
PATH: /home/gitpod/.rvm/rubies/ruby-2.6.6/bin
PATH: /home/gitpod/.pyenv/plugins/pyenv-virtualenv/shims
PATH: /home/gitpod/.pyenv/shims
PATH: /workspace/.cargo/bin
PATH: /workspace/.pip-modules/bin
PATH: /workspace/.rvm/bin
PATH: /home/gitpod/.pyenv/bin
PATH: /home/gitpod/.pyenv/shims
PATH: /workspace/go/bin
PATH: /home/gitpod/go/bin
PATH: /home/gitpod/go-packages/bin
PATH: /usr/local/sbin
PATH: /usr/local/bin
PATH: /usr/sbin
PATH: /usr/bin
PATH: /sbin
PATH: /bin
PATH: /home/linuxbrew/.linuxbrew/bin
PATH: /home/linuxbrew/.linuxbrew/sbin/
PATH: /home/gitpod/.nvm/versions/node/v12.18.3/bin
PATH: /home/gitpod/.rvm/bin
PATH: /home/gitpod/.rvm/bin
PATH: /home/gitpod/.rvm/bin


## ----------- ##
## Core tests. ##
## ----------- ##

configure:2079: creating cache ./config.cache
configure:2300: checking build system type
configure:2314: result: x86_64-pc-linux-gnu
configure:2334: checking host system type
configure:2347: result: x86_64-lfs-linux-gnu
configure:2450: checking for --enable-version-specific-runtime-libs
configure:2463: result: no
configure:2534: checking for a BSD-compatible install
configure:2602: result: /usr/bin/install -c
configure:2618: checking for gawk
configure:2645: result: gawk
configure:2752: checking for x86_64-lfs-linux-gnu-ar
configure:2779: result: x86_64-lfs-linux-gnu-ar
configure:2844: checking for x86_64-lfs-linux-gnu-lipo
configure:2871: result: x86_64-lfs-linux-gnu-lipo
configure:2936: checking for x86_64-lfs-linux-gnu-nm
configure:2963: result: /workspace/test/gogo/gcc-10.2.0/build/./gcc/nm
configure:3028: checking for x86_64-lfs-linux-gnu-ranlib
configure:3055: result: x86_64-lfs-linux-gnu-ranlib
configure:3120: checking for x86_64-lfs-linux-gnu-strip
configure:3147: result: x86_64-lfs-linux-gnu-strip
configure:3209: checking whether ln -s works
configure:3213: result: yes
configure:3230: checking for x86_64-lfs-linux-gnu-gcc
configure:3257: result: /workspace/test/gogo/gcc-10.2.0/build/./gcc/xgcc -B/workspace/test/gogo/gcc-10.2.0/build/./gcc/ -B/usr/local/x86_64-lfs-linux-gnu/bin/ -B/usr/local/x86_64-lfs-linux-gnu/lib/ -isystem /usr/local/x86_64-lfs-linux-gnu/include -isystem /usr/local/x86_64-lfs-linux-gnu/sys-include   
configure:3526: checking for C compiler version
configure:3535: /workspace/test/gogo/gcc-10.2.0/build/./gcc/xgcc -B/workspace/test/gogo/gcc-10.2.0/build/./gcc/ -B/usr/local/x86_64-lfs-linux-gnu/bin/ -B/usr/local/x86_64-lfs-linux-gnu/lib/ -isystem /usr/local/x86_64-lfs-linux-gnu/include -isystem /usr/local/x86_64-lfs-linux-gnu/sys-include    --version >&5
xgcc (GCC) 10.2.0
Copyright (C) 2020 Free Software Foundation, Inc.
This is free software; see the source for copying conditions.  There is NO
warranty; not even for MERCHANTABILITY or FITNESS FOR A PARTICULAR PURPOSE.

configure:3546: $? = 0
configure:3535: /workspace/test/gogo/gcc-10.2.0/build/./gcc/xgcc -B/workspace/test/gogo/gcc-10.2.0/build/./gcc/ -B/usr/local/x86_64-lfs-linux-gnu/bin/ -B/usr/local/x86_64-lfs-linux-gnu/lib/ -isystem /usr/local/x86_64-lfs-linux-gnu/include -isystem /usr/local/x86_64-lfs-linux-gnu/sys-include    -v >&5
Reading specs from /workspace/test/gogo/gcc-10.2.0/build/./gcc/specs
COLLECT_GCC=/workspace/test/gogo/gcc-10.2.0/build/./gcc/xgcc
COLLECT_LTO_WRAPPER=/workspace/test/gogo/gcc-10.2.0/build/./gcc/lto-wrapper
Target: x86_64-lfs-linux-gnu
Configured with: ../configure --target=x86_64-lfs-linux-gnu --with-glibc-version=2.11 --with-newlib --without-headers --enable-initfini-array --disable-nls --disable-shared --disable-multilib --disable-decimal-float --disable-threads --disable-libatomic --disable-libgomp --disable-libquadmath --disable-libssp --disable-libvtv --disable-libstdcxx --enable-languages=c,c++
Thread model: single
Supported LTO compression algorithms: zlib
gcc version 10.2.0 (GCC) 
configure:3546: $? = 0
configure:3535: /workspace/test/gogo/gcc-10.2.0/build/./gcc/xgcc -B/workspace/test/gogo/gcc-10.2.0/build/./gcc/ -B/usr/local/x86_64-lfs-linux-gnu/bin/ -B/usr/local/x86_64-lfs-linux-gnu/lib/ -isystem /usr/local/x86_64-lfs-linux-gnu/include -isystem /usr/local/x86_64-lfs-linux-gnu/sys-include    -V >&5
xgcc: error: unrecognized command-line option '-V'
xgcc: fatal error: no input files
compilation terminated.
configure:3546: $? = 1
configure:3535: /workspace/test/gogo/gcc-10.2.0/build/./gcc/xgcc -B/workspace/test/gogo/gcc-10.2.0/build/./gcc/ -B/usr/local/x86_64-lfs-linux-gnu/bin/ -B/usr/local/x86_64-lfs-linux-gnu/lib/ -isystem /usr/local/x86_64-lfs-linux-gnu/include -isystem /usr/local/x86_64-lfs-linux-gnu/sys-include    -qversion >&5
xgcc: error: unrecognized command-line option '-qversion'; did you mean '--version'?
xgcc: fatal error: no input files
compilation terminated.
configure:3546: $? = 1
configure:3562: /workspace/test/gogo/gcc-10.2.0/build/./gcc/xgcc -B/workspace/test/gogo/gcc-10.2.0/build/./gcc/ -B/usr/local/x86_64-lfs-linux-gnu/bin/ -B/usr/local/x86_64-lfs-linux-gnu/lib/ -isystem /usr/local/x86_64-lfs-linux-gnu/include -isystem /usr/local/x86_64-lfs-linux-gnu/sys-include    -o conftest -g -O2   conftest.c  >&5
conftest.c:9:10: fatal error: stdio.h: No such file or directory
    9 | #include <stdio.h>
      |          ^~~~~~~~~
compilation terminated.
configure:3565: $? = 1
configure:3778: checking for suffix of object files
configure:3800: /workspace/test/gogo/gcc-10.2.0/build/./gcc/xgcc -B/workspace/test/gogo/gcc-10.2.0/build/./gcc/ -B/usr/local/x86_64-lfs-linux-gnu/bin/ -B/usr/local/x86_64-lfs-linux-gnu/lib/ -isystem /usr/local/x86_64-lfs-linux-gnu/include -isystem /usr/local/x86_64-lfs-linux-gnu/sys-include    -c -g -O2  conftest.c >&5
/workspace/test/gogo/gcc-10.2.0/build/./gcc/as: 106: exec: --64: not found
configure:3804: $? = 1
configure: failed program was:
| /* confdefs.h */
| #define PACKAGE_NAME "GNU C Runtime Library"
| #define PACKAGE_TARNAME "libgcc"
| #define PACKAGE_VERSION "1.0"
| #define PACKAGE_STRING "GNU C Runtime Library 1.0"
| #define PACKAGE_BUGREPORT ""
| #define PACKAGE_URL "http://www.gnu.org/software/libgcc/"
| /* end confdefs.h.  */
| 
| int
| main ()
| {
| 
|   ;
|   return 0;
| }
configure:3818: error: in `/workspace/test/gogo/gcc-10.2.0/build/x86_64-lfs-linux-gnu/libgcc':
configure:3820: error: cannot compute suffix of object files: cannot compile
See `config.log' for more details

## ---------------- ##
## Cache variables. ##
## ---------------- ##

ac_cv_build=x86_64-pc-linux-gnu
ac_cv_env_CC_set=set
ac_cv_env_CC_value='/workspace/test/gogo/gcc-10.2.0/build/./gcc/xgcc -B/workspace/test/gogo/gcc-10.2.0/build/./gcc/ -B/usr/local/x86_64-lfs-linux-gnu/bin/ -B/usr/local/x86_64-lfs-linux-gnu/lib/ -isystem /usr/local/x86_64-lfs-linux-gnu/include -isystem /usr/local/x86_64-lfs-linux-gnu/sys-include   '
ac_cv_env_CFLAGS_set=set
ac_cv_env_CFLAGS_value='-g -O2'
ac_cv_env_CPPFLAGS_set=set
ac_cv_env_CPPFLAGS_value=
ac_cv_env_CPP_set=
ac_cv_env_CPP_value=
ac_cv_env_LDFLAGS_set=set
ac_cv_env_LDFLAGS_value=
ac_cv_env_LIBS_set=
ac_cv_env_LIBS_value=
ac_cv_env_build_alias_set=set
ac_cv_env_build_alias_value=x86_64-pc-linux-gnu
ac_cv_env_host_alias_set=set
ac_cv_env_host_alias_value=x86_64-lfs-linux-gnu
ac_cv_env_target_alias_set=set
ac_cv_env_target_alias_value=x86_64-lfs-linux-gnu
ac_cv_host=x86_64-lfs-linux-gnu
ac_cv_prog_AR=x86_64-lfs-linux-gnu-ar
ac_cv_prog_AWK=gawk
ac_cv_prog_CC='/workspace/test/gogo/gcc-10.2.0/build/./gcc/xgcc -B/workspace/test/gogo/gcc-10.2.0/build/./gcc/ -B/usr/local/x86_64-lfs-linux-gnu/bin/ -B/usr/local/x86_64-lfs-linux-gnu/lib/ -isystem /usr/local/x86_64-lfs-linux-gnu/include -isystem /usr/local/x86_64-lfs-linux-gnu/sys-include   '
ac_cv_prog_LIPO=x86_64-lfs-linux-gnu-lipo
ac_cv_prog_NM=/workspace/test/gogo/gcc-10.2.0/build/./gcc/nm
ac_cv_prog_RANLIB=x86_64-lfs-linux-gnu-ranlib
ac_cv_prog_STRIP=x86_64-lfs-linux-gnu-strip

## ----------------- ##
## Output variables. ##
## ----------------- ##

AR='x86_64-lfs-linux-gnu-ar'
AWK='gawk'
CC='/workspace/test/gogo/gcc-10.2.0/build/./gcc/xgcc -B/workspace/test/gogo/gcc-10.2.0/build/./gcc/ -B/usr/local/x86_64-lfs-linux-gnu/bin/ -B/usr/local/x86_64-lfs-linux-gnu/lib/ -isystem /usr/local/x86_64-lfs-linux-gnu/include -isystem /usr/local/x86_64-lfs-linux-gnu/sys-include   '
CET_FLAGS=''
CFLAGS='-g -O2'
CPP=''
CPPFLAGS=''
DEFS=''
ECHO_C=''
ECHO_N='-n'
ECHO_T=''
EGREP=''
EXEEXT=''
GREP=''
INSTALL_DATA='/usr/bin/install -c -m 644'
INSTALL_PROGRAM='/usr/bin/install -c'
INSTALL_SCRIPT='/usr/bin/install -c'
LDFLAGS=''
LIBOBJS=''
LIBS=''
LIPO='x86_64-lfs-linux-gnu-lipo'
LN_S='ln -s'
LTLIBOBJS=''
MAINT='#'
NM='/workspace/test/gogo/gcc-10.2.0/build/./gcc/nm'
OBJEXT=''
PACKAGE_BUGREPORT=''
PACKAGE_NAME='GNU C Runtime Library'
PACKAGE_STRING='GNU C Runtime Library 1.0'
PACKAGE_TARNAME='libgcc'
PACKAGE_URL='http://www.gnu.org/software/libgcc/'
PACKAGE_VERSION='1.0'
PATH_SEPARATOR=':'
PICFLAG='-fpic'
RANLIB='x86_64-lfs-linux-gnu-ranlib'
SHELL='/bin/bash'
STRIP='x86_64-lfs-linux-gnu-strip'
ac_ct_CC=''
accel_dir_suffix=''
asm_hidden_op=''
bindir='${exec_prefix}/bin'
build='x86_64-pc-linux-gnu'
build_alias='x86_64-pc-linux-gnu'
build_cpu='x86_64'
build_libsubdir='build-x86_64-pc-linux-gnu'
build_os='linux-gnu'
build_subdir='build-x86_64-pc-linux-gnu'
build_vendor='pc'
cpu_type=''
datadir='${datarootdir}'
datarootdir='${prefix}/share'
decimal_float=''
docdir='${datarootdir}/doc/${PACKAGE_TARNAME}'
double_type_size=''
dvidir='${docdir}'
enable_decimal_float='no'
enable_execute_stack=''
enable_gcov='yes'
enable_shared='no'
enable_vtable_verify='no'
exec_prefix='NONE'
extra_parts=''
fixed_point=''
force_explicit_eh_registry=''
get_gcc_base_ver=''
host='x86_64-lfs-linux-gnu'
host_alias='x86_64-lfs-linux-gnu'
host_cpu='x86_64'
host_noncanonical='x86_64-lfs-linux-gnu'
host_os='linux-gnu'
host_subdir='.'
host_vendor='lfs'
htmldir='${docdir}'
includedir='${prefix}/include'
infodir='${datarootdir}/info'
libdir='${exec_prefix}/lib'
libexecdir='${exec_prefix}/libexec'
libgcc_topdir='../../../libgcc/..'
localedir='${datarootdir}/locale'
localstatedir='${prefix}/var'
long_double_type_size=''
mandir='${datarootdir}/man'
md_unwind_header=''
oldincludedir='/usr/include'
pdfdir='${docdir}'
prefix='NONE'
program_transform_name='s&^&x86_64-lfs-linux-gnu-&'
psdir='${docdir}'
real_host_noncanonical=''
sbindir='${exec_prefix}/sbin'
set_have_cc_tls=''
set_use_emutls=''
sfp_machine_header=''
sharedstatedir='${prefix}/com'
slibdir='$(exec_prefix)/$(host_noncanonical)/lib'
solaris_ld_v2_maps=''
sysconfdir='${prefix}/etc'
target_alias='x86_64-lfs-linux-gnu'
target_noncanonical='x86_64-lfs-linux-gnu'
target_subdir='x86_64-lfs-linux-gnu'
thread_header=''
tm_defines=''
tm_file=''
tmake_file=''
toolexecdir='$(exec_prefix)/$(target_noncanonical)'
toolexeclibdir='$(toolexecdir)/lib/../lib'
unwind_header=''
use_tm_clone_registry=''
vis_hide=''
with_aix_soname='aix'

## ----------- ##
## confdefs.h. ##
## ----------- ##

/* confdefs.h */
#define PACKAGE_NAME "GNU C Runtime Library"
#define PACKAGE_TARNAME "libgcc"
#define PACKAGE_VERSION "1.0"
#define PACKAGE_STRING "GNU C Runtime Library 1.0"
#define PACKAGE_BUGREPORT ""
#define PACKAGE_URL "http://www.gnu.org/software/libgcc/"

configure: exit 1
