This file contains any messages produced by compilers while
running configure, to aid debugging if configure makes a mistake.

It was created by configure, which was
generated by GNU Autoconf 2.69.  Invocation command line was

  $ ../configure --target=x86_64-lfs-linux-gnu --with-glibc-version=2.11 --with-newlib --without-headers --enable-initfini-array --disable-nls --disable-shared --disable-multilib --disable-decimal-float --disable-threads --disable-libatomic --disable-libgomp --disable-libquadmath --disable-libssp --disable-libvtv --disable-libstdcxx --enable-languages=c,c++

## --------- ##
## Platform. ##
## --------- ##

hostname = ws-032fc029-e135-4b5f-9ff4-63995f0df887
uname -m = x86_64
uname -r = 4.14.138+
uname -s = Linux
uname -v = #1 SMP Tue Sep 3 02:58:08 PDT 2019

/usr/bin/uname -p = x86_64
/bin/uname -X     = unknown

/bin/arch              = x86_64
/usr/bin/arch -k       = unknown
/usr/convex/getsysinfo = unknown
/usr/bin/hostinfo      = unknown
/bin/machine           = unknown
/usr/bin/oslevel       = unknown
/bin/universe          = unknown

PATH: /home/gitpod/.cargo/bin
PATH: /home/gitpod/.pyenv/plugins/pyenv-virtualenv/shims
PATH: /home/gitpod/.pyenv/shims
PATH: /workspace/.cargo/bin
PATH: /workspace/.pip-modules/bin
PATH: /workspace/.rvm/bin
PATH: /home/gitpod/.cargo/bin
PATH: /home/gitpod/.sdkman/candidates/maven/current/bin
PATH: /home/gitpod/.sdkman/candidates/java/current/bin
PATH: /home/gitpod/.sdkman/candidates/gradle/current/bin
PATH: /home/gitpod/.cargo/bin
PATH: /home/gitpod/.rvm/gems/ruby-2.6.6/bin
PATH: /home/gitpod/.rvm/gems/ruby-2.6.6@global/bin
PATH: /home/gitpod/.rvm/rubies/ruby-2.6.6/bin
PATH: /home/gitpod/.pyenv/plugins/pyenv-virtualenv/shims
PATH: /home/gitpod/.pyenv/shims
PATH: /workspace/.cargo/bin
PATH: /workspace/.pip-modules/bin
PATH: /workspace/.rvm/bin
PATH: /home/gitpod/.pyenv/bin
PATH: /home/gitpod/.pyenv/shims
PATH: /workspace/go/bin
PATH: /home/gitpod/go/bin
PATH: /home/gitpod/go-packages/bin
PATH: /usr/local/sbin
PATH: /usr/local/bin
PATH: /usr/sbin
PATH: /usr/bin
PATH: /sbin
PATH: /bin
PATH: /home/linuxbrew/.linuxbrew/bin
PATH: /home/linuxbrew/.linuxbrew/sbin/
PATH: /home/gitpod/.nvm/versions/node/v12.18.3/bin
PATH: /home/gitpod/.rvm/bin
PATH: /home/gitpod/.rvm/bin
PATH: /home/gitpod/.rvm/bin


## ----------- ##
## Core tests. ##
## ----------- ##

configure:2352: checking build system type
configure:2366: result: x86_64-pc-linux-gnu
configure:2413: checking host system type
configure:2426: result: x86_64-pc-linux-gnu
configure:2446: checking target system type
configure:2459: result: x86_64-lfs-linux-gnu
configure:2513: checking for a BSD-compatible install
configure:2581: result: /usr/bin/install -c
configure:2592: checking whether ln works
configure:2614: result: yes
configure:2618: checking whether ln -s works
configure:2622: result: yes
configure:2629: checking for a sed that does not truncate output
configure:2693: result: /usr/bin/sed
configure:2702: checking for gawk
configure:2718: found /usr/bin/gawk
configure:2729: result: gawk
configure:3261: checking for libitm support
configure:3271: result: yes
configure:3280: checking for libsanitizer support
configure:3290: result: yes
configure:3319: checking for libhsail-rt support
configure:3331: result: yes
configure:3455: checking for libphobos support
configure:3465: result: yes
configure:4165: checking for gcc
configure:4181: found /usr/bin/gcc
configure:4192: result: gcc
configure:4421: checking for C compiler version
configure:4430: gcc --version >&5
gcc (Ubuntu 9.3.0-10ubuntu2) 9.3.0
Copyright (C) 2019 Free Software Foundation, Inc.
This is free software; see the source for copying conditions.  There is NO
warranty; not even for MERCHANTABILITY or FITNESS FOR A PARTICULAR PURPOSE.

configure:4441: $? = 0
configure:4430: gcc -v >&5
Using built-in specs.
COLLECT_GCC=gcc
COLLECT_LTO_WRAPPER=/usr/lib/gcc/x86_64-linux-gnu/9/lto-wrapper
OFFLOAD_TARGET_NAMES=nvptx-none:hsa
OFFLOAD_TARGET_DEFAULT=1
Target: x86_64-linux-gnu
Configured with: ../src/configure -v --with-pkgversion='Ubuntu 9.3.0-10ubuntu2' --with-bugurl=file:///usr/share/doc/gcc-9/README.Bugs --enable-languages=c,ada,c++,go,brig,d,fortran,objc,obj-c++,gm2 --prefix=/usr --with-gcc-major-version-only --program-suffix=-9 --program-prefix=x86_64-linux-gnu- --enable-shared --enable-linker-build-id --libexecdir=/usr/lib --without-included-gettext --enable-threads=posix --libdir=/usr/lib --enable-nls --enable-clocale=gnu --enable-libstdcxx-debug --enable-libstdcxx-time=yes --with-default-libstdcxx-abi=new --enable-gnu-unique-object --disable-vtable-verify --enable-plugin --enable-default-pie --with-system-zlib --with-target-system-zlib=auto --enable-objc-gc=auto --enable-multiarch --disable-werror --with-arch-32=i686 --with-abi=m64 --with-multilib-list=m32,m64,mx32 --enable-multilib --with-tune=generic --enable-offload-targets=nvptx-none,hsa --without-cuda-driver --enable-checking=release --build=x86_64-linux-gnu --host=x86_64-linux-gnu --target=x86_64-linux-gnu
Thread model: posix
gcc version 9.3.0 (Ubuntu 9.3.0-10ubuntu2) 
configure:4441: $? = 0
configure:4430: gcc -V >&5
gcc: error: unrecognized command line option '-V'
gcc: fatal error: no input files
compilation terminated.
configure:4441: $? = 1
configure:4430: gcc -qversion >&5
gcc: error: unrecognized command line option '-qversion'; did you mean '--version'?
gcc: fatal error: no input files
compilation terminated.
configure:4441: $? = 1
configure:4461: checking whether the C compiler works
configure:4483: gcc -H   conftest.c  >&5
configure:4487: $? = 0
configure:4535: result: yes
configure:4538: checking for C compiler default output file name
configure:4540: result: a.out
configure:4546: checking for suffix of executables
configure:4553: gcc -o conftest -H   conftest.c  >&5
configure:4557: $? = 0
configure:4579: result: 
configure:4601: checking whether we are cross compiling
configure:4609: gcc -o conftest -H   conftest.c  >&5
. /usr/include/stdio.h
.. /usr/include/x86_64-linux-gnu/bits/libc-header-start.h
... /usr/include/features.h
.... /usr/include/x86_64-linux-gnu/sys/cdefs.h
..... /usr/include/x86_64-linux-gnu/bits/wordsize.h
..... /usr/include/x86_64-linux-gnu/bits/long-double.h
.... /usr/include/x86_64-linux-gnu/gnu/stubs.h
..... /usr/include/x86_64-linux-gnu/gnu/stubs-64.h
.. /usr/lib/gcc/x86_64-linux-gnu/9/include/stddef.h
.. /usr/lib/gcc/x86_64-linux-gnu/9/include/stdarg.h
.. /usr/include/x86_64-linux-gnu/bits/types.h
... /usr/include/x86_64-linux-gnu/bits/wordsize.h
... /usr/include/x86_64-linux-gnu/bits/timesize.h
... /usr/include/x86_64-linux-gnu/bits/typesizes.h
... /usr/include/x86_64-linux-gnu/bits/time64.h
.. /usr/include/x86_64-linux-gnu/bits/types/__fpos_t.h
... /usr/include/x86_64-linux-gnu/bits/types/__mbstate_t.h
.. /usr/include/x86_64-linux-gnu/bits/types/__fpos64_t.h
.. /usr/include/x86_64-linux-gnu/bits/types/__FILE.h
.. /usr/include/x86_64-linux-gnu/bits/types/FILE.h
.. /usr/include/x86_64-linux-gnu/bits/types/struct_FILE.h
.. /usr/include/x86_64-linux-gnu/bits/stdio_lim.h
.. /usr/include/x86_64-linux-gnu/bits/sys_errlist.h
Multiple include guards may be useful for:
/usr/include/x86_64-linux-gnu/bits/libc-header-start.h
/usr/include/x86_64-linux-gnu/bits/long-double.h
/usr/include/x86_64-linux-gnu/bits/sys_errlist.h
/usr/include/x86_64-linux-gnu/bits/time64.h
/usr/include/x86_64-linux-gnu/bits/timesize.h
/usr/include/x86_64-linux-gnu/bits/typesizes.h
/usr/include/x86_64-linux-gnu/gnu/stubs-64.h
/usr/include/x86_64-linux-gnu/gnu/stubs.h
/usr/lib/gcc/x86_64-linux-gnu/9/include/stddef.h
configure:4613: $? = 0
configure:4620: ./conftest
configure:4624: $? = 0
configure:4612: result: no
configure:4617: checking for suffix of object files
configure:4639: gcc -c -H  conftest.c >&5
configure:4643: $? = 0
configure:4664: result: o
configure:4668: checking whether we are using the GNU C compiler
configure:4687: gcc -c -H  conftest.c >&5
configure:4687: $? = 0
configure:4696: result: yes
configure:4705: checking whether gcc accepts -g
configure:4725: gcc -c -g  conftest.c >&5
configure:4725: $? = 0
configure:4766: result: yes
configure:4783: checking for gcc option to accept ISO C89
configure:4846: gcc  -c -H  conftest.c >&5
. /usr/lib/gcc/x86_64-linux-gnu/9/include/stdarg.h
. /usr/include/stdio.h
.. /usr/include/x86_64-linux-gnu/bits/libc-header-start.h
... /usr/include/features.h
.... /usr/include/x86_64-linux-gnu/sys/cdefs.h
..... /usr/include/x86_64-linux-gnu/bits/wordsize.h
..... /usr/include/x86_64-linux-gnu/bits/long-double.h
.... /usr/include/x86_64-linux-gnu/gnu/stubs.h
..... /usr/include/x86_64-linux-gnu/gnu/stubs-64.h
.. /usr/lib/gcc/x86_64-linux-gnu/9/include/stddef.h
.. /usr/include/x86_64-linux-gnu/bits/types.h
... /usr/include/x86_64-linux-gnu/bits/wordsize.h
... /usr/include/x86_64-linux-gnu/bits/timesize.h
... /usr/include/x86_64-linux-gnu/bits/typesizes.h
... /usr/include/x86_64-linux-gnu/bits/time64.h
.. /usr/include/x86_64-linux-gnu/bits/types/__fpos_t.h
... /usr/include/x86_64-linux-gnu/bits/types/__mbstate_t.h
.. /usr/include/x86_64-linux-gnu/bits/types/__fpos64_t.h
.. /usr/include/x86_64-linux-gnu/bits/types/__FILE.h
.. /usr/include/x86_64-linux-gnu/bits/types/FILE.h
.. /usr/include/x86_64-linux-gnu/bits/types/struct_FILE.h
.. /usr/include/x86_64-linux-gnu/bits/stdio_lim.h
.. /usr/include/x86_64-linux-gnu/bits/sys_errlist.h
Multiple include guards may be useful for:
/usr/include/x86_64-linux-gnu/bits/libc-header-start.h
/usr/include/x86_64-linux-gnu/bits/long-double.h
/usr/include/x86_64-linux-gnu/bits/sys_errlist.h
/usr/include/x86_64-linux-gnu/bits/time64.h
/usr/include/x86_64-linux-gnu/bits/timesize.h
/usr/include/x86_64-linux-gnu/bits/typesizes.h
/usr/include/x86_64-linux-gnu/gnu/stubs-64.h
/usr/include/x86_64-linux-gnu/gnu/stubs.h
/usr/lib/gcc/x86_64-linux-gnu/9/include/stddef.h
configure:4846: $? = 0
configure:4859: result: none needed
configure:4937: checking for g++
configure:4953: found /usr/bin/g++
configure:4964: result: g++
configure:4991: checking for C++ compiler version
configure:5000: g++ --version >&5
g++ (Ubuntu 9.3.0-10ubuntu2) 9.3.0
Copyright (C) 2019 Free Software Foundation, Inc.
This is free software; see the source for copying conditions.  There is NO
warranty; not even for MERCHANTABILITY or FITNESS FOR A PARTICULAR PURPOSE.

configure:5011: $? = 0
configure:5000: g++ -v >&5
Using built-in specs.
COLLECT_GCC=g++
COLLECT_LTO_WRAPPER=/usr/lib/gcc/x86_64-linux-gnu/9/lto-wrapper
OFFLOAD_TARGET_NAMES=nvptx-none:hsa
OFFLOAD_TARGET_DEFAULT=1
Target: x86_64-linux-gnu
Configured with: ../src/configure -v --with-pkgversion='Ubuntu 9.3.0-10ubuntu2' --with-bugurl=file:///usr/share/doc/gcc-9/README.Bugs --enable-languages=c,ada,c++,go,brig,d,fortran,objc,obj-c++,gm2 --prefix=/usr --with-gcc-major-version-only --program-suffix=-9 --program-prefix=x86_64-linux-gnu- --enable-shared --enable-linker-build-id --libexecdir=/usr/lib --without-included-gettext --enable-threads=posix --libdir=/usr/lib --enable-nls --enable-clocale=gnu --enable-libstdcxx-debug --enable-libstdcxx-time=yes --with-default-libstdcxx-abi=new --enable-gnu-unique-object --disable-vtable-verify --enable-plugin --enable-default-pie --with-system-zlib --with-target-system-zlib=auto --enable-objc-gc=auto --enable-multiarch --disable-werror --with-arch-32=i686 --with-abi=m64 --with-multilib-list=m32,m64,mx32 --enable-multilib --with-tune=generic --enable-offload-targets=nvptx-none,hsa --without-cuda-driver --enable-checking=release --build=x86_64-linux-gnu --host=x86_64-linux-gnu --target=x86_64-linux-gnu
Thread model: posix
gcc version 9.3.0 (Ubuntu 9.3.0-10ubuntu2) 
configure:5011: $? = 0
configure:5000: g++ -V >&5
g++: error: unrecognized command line option '-V'
g++: fatal error: no input files
compilation terminated.
configure:5011: $? = 1
configure:5000: g++ -qversion >&5
g++: error: unrecognized command line option '-qversion'; did you mean '--version'?
g++: fatal error: no input files
compilation terminated.
configure:5011: $? = 1
configure:5015: checking whether we are using the GNU C++ compiler
configure:5034: g++ -c   conftest.cpp >&5
configure:5034: $? = 0
configure:5043: result: yes
configure:5052: checking whether g++ accepts -g
configure:5072: g++ -c -g  conftest.cpp >&5
configure:5072: $? = 0
configure:5113: result: yes
configure:5162: checking whether g++ accepts -static-libstdc++ -static-libgcc
configure:5179: g++ -o conftest -g -O2   -static-libstdc++ -static-libgcc conftest.cpp  >&5
configure:5179: $? = 0
configure:5180: result: yes
configure:5244: checking for gnatbind
configure:5274: result: no
configure:5336: checking for gnatmake
configure:5366: result: no
configure:5385: checking whether compiler driver understands Ada
configure:5408: result: no
configure:5417: checking how to compare bootstrapped objects
configure:5442: result: cmp --ignore-initial=16 $$f1 $$f2
configure:5502: checking for objdir
configure:5517: result: .libs
configure:6083: checking for isl 0.15 or later
configure:6096: gcc -o conftest -H  -I$$r/$(HOST_SUBDIR)/gmp -I$$s/gmp -I$$r/$(HOST_SUBDIR)/mpfr/src -I$$s/mpfr/src -I$$s/mpc/src     -lisl -L$$r/$(HOST_SUBDIR)/gmp/.libs -L$$r/$(HOST_SUBDIR)/mpfr/src/.libs -L$$r/$(HOST_SUBDIR)/mpc/src/.libs -lmpc -lmpfr -lgmp conftest.c  -lisl -lgmp >&5
conftest.c:10:10: fatal error: isl/schedule.h: No such file or directory
   10 | #include <isl/schedule.h>
      |          ^~~~~~~~~~~~~~~~
compilation terminated.
configure:6096: $? = 1
configure: failed program was:
| /* confdefs.h */
| #define PACKAGE_NAME ""
| #define PACKAGE_TARNAME ""
| #define PACKAGE_VERSION ""
| #define PACKAGE_STRING ""
| #define PACKAGE_BUGREPORT ""
| #define PACKAGE_URL ""
| #define LT_OBJDIR ".libs/"
| /* end confdefs.h.  */
| #include <isl/schedule.h>
| int
| main ()
| {
| isl_options_set_schedule_serialize_sccs (NULL, 0);
|   ;
|   return 0;
| }
configure:6103: result: no
configure:6107: result: required isl version is 0.15 or later
configure:7200: checking for default BUILD_CONFIG
configure:7232: result: 
configure:7237: checking for --enable-vtable-verify
configure:7250: result: no
configure:7863: checking for bison
configure:7879: found /usr/bin/bison
configure:7890: result: bison -y
configure:7910: checking for bison
configure:7926: found /usr/bin/bison
configure:7937: result: bison
configure:7957: checking for gm4
configure:7987: result: no
configure:7957: checking for gnum4
configure:7987: result: no
configure:7957: checking for m4
configure:7973: found /usr/bin/m4
configure:7984: result: m4
configure:8004: checking for flex
configure:8034: result: no
configure:8004: checking for lex
configure:8034: result: no
configure:8052: checking for flex
configure:8082: result: no
configure:8099: checking for makeinfo
configure:8129: result: no
configure:8160: checking for expect
configure:8190: result: no
configure:8209: checking for runtest
configure:8239: result: no
configure:8354: checking for ar
configure:8370: found /usr/bin/ar
configure:8381: result: ar
configure:8495: checking for as
configure:8511: found /usr/bin/as
configure:8522: result: as
configure:8636: checking for dlltool
configure:8666: result: no
configure:8777: checking for ld
configure:8793: found /usr/bin/ld
configure:8804: result: ld
configure:8918: checking for lipo
configure:8948: result: no
configure:9059: checking for nm
configure:9075: found /usr/bin/nm
configure:9086: result: nm
configure:9200: checking for ranlib
configure:9216: found /usr/bin/ranlib
configure:9227: result: ranlib
configure:9336: checking for strip
configure:9352: found /usr/bin/strip
configure:9363: result: strip
configure:9472: checking for windres
configure:9502: result: no
configure:9613: checking for windmc
configure:9643: result: no
configure:9754: checking for objcopy
configure:9770: found /usr/bin/objcopy
configure:9781: result: objcopy
configure:9895: checking for objdump
configure:9911: found /usr/bin/objdump
configure:9922: result: objdump
configure:10036: checking for otool
configure:10066: result: no
configure:10177: checking for readelf
configure:10193: found /usr/bin/readelf
configure:10204: result: readelf
configure:10318: checking for x86_64-lfs-linux-gnu-cc
configure:10348: result: no
configure:10318: checking for x86_64-lfs-linux-gnu-gcc
configure:10348: result: no
configure:10479: checking for x86_64-lfs-linux-gnu-c++
configure:10509: result: no
configure:10479: checking for x86_64-lfs-linux-gnu-g++
configure:10509: result: no
configure:10479: checking for x86_64-lfs-linux-gnu-cxx
configure:10509: result: no
configure:10479: checking for x86_64-lfs-linux-gnu-gxx
configure:10509: result: no
configure:10640: checking for x86_64-lfs-linux-gnu-gcc
configure:10670: result: no
configure:10796: checking for x86_64-lfs-linux-gnu-gfortran
configure:10826: result: no
configure:10957: checking for x86_64-lfs-linux-gnu-gccgo
configure:10987: result: no
configure:11118: checking for x86_64-lfs-linux-gnu-gdc
configure:11148: result: no
configure:11248: checking for ar
configure:11281: result: no
configure:11359: checking for x86_64-lfs-linux-gnu-ar
configure:11389: result: no
configure:11478: checking for as
configure:11511: result: no
configure:11589: checking for x86_64-lfs-linux-gnu-as
configure:11619: result: no
configure:11708: checking for dlltool
configure:11741: result: no
configure:11819: checking for x86_64-lfs-linux-gnu-dlltool
configure:11849: result: no
configure:11938: checking for ld
configure:11971: result: no
configure:12049: checking for x86_64-lfs-linux-gnu-ld
configure:12079: result: no
configure:12168: checking for lipo
configure:12201: result: no
configure:12279: checking for x86_64-lfs-linux-gnu-lipo
configure:12309: result: no
configure:12398: checking for nm
configure:12431: result: no
configure:12509: checking for x86_64-lfs-linux-gnu-nm
configure:12539: result: no
configure:12628: checking for objcopy
configure:12661: result: no
configure:12739: checking for x86_64-lfs-linux-gnu-objcopy
configure:12769: result: no
configure:12858: checking for objdump
configure:12891: result: no
configure:12969: checking for x86_64-lfs-linux-gnu-objdump
configure:12999: result: no
configure:13088: checking for otool
configure:13121: result: no
configure:13199: checking for x86_64-lfs-linux-gnu-otool
configure:13229: result: no
configure:13318: checking for ranlib
configure:13351: result: no
configure:13429: checking for x86_64-lfs-linux-gnu-ranlib
configure:13459: result: no
configure:13548: checking for readelf
configure:13581: result: no
configure:13659: checking for x86_64-lfs-linux-gnu-readelf
configure:13689: result: no
configure:13778: checking for strip
configure:13811: result: no
configure:13889: checking for x86_64-lfs-linux-gnu-strip
configure:13919: result: no
configure:14008: checking for windres
configure:14041: result: no
configure:14119: checking for x86_64-lfs-linux-gnu-windres
configure:14149: result: no
configure:14238: checking for windmc
configure:14271: result: no
configure:14349: checking for x86_64-lfs-linux-gnu-windmc
configure:14379: result: no
configure:14446: checking where to find the target ar
configure:14483: result: pre-installed
configure:14488: checking where to find the target as
configure:14525: result: pre-installed
configure:14530: checking where to find the target cc
configure:14553: result: just compiled
configure:14572: checking where to find the target c++
configure:14598: result: just compiled
configure:14617: checking where to find the target c++ for libstdc++
configure:14643: result: just compiled
configure:14662: checking where to find the target dlltool
configure:14699: result: pre-installed
configure:14704: checking where to find the target gcc
configure:14727: result: just compiled
configure:14746: checking where to find the target gfortran
configure:14786: result: pre-installed
configure:14791: checking where to find the target gccgo
configure:14831: result: pre-installed
configure:14836: checking where to find the target gdc
configure:14876: result: pre-installed
configure:14881: checking where to find the target ld
configure:14918: result: pre-installed
configure:14923: checking where to find the target lipo
configure:14949: result: pre-installed
configure:14954: checking where to find the target nm
configure:14991: result: pre-installed
configure:14996: checking where to find the target objcopy
configure:15033: result: pre-installed
configure:15038: checking where to find the target objdump
configure:15075: result: pre-installed
configure:15080: checking where to find the target otool
configure:15106: result: pre-installed
configure:15111: checking where to find the target ranlib
configure:15148: result: pre-installed
configure:15153: checking where to find the target readelf
configure:15190: result: pre-installed
configure:15195: checking where to find the target strip
configure:15232: result: pre-installed
configure:15237: checking where to find the target windres
configure:15274: result: pre-installed
configure:15279: checking where to find the target windmc
configure:15316: result: pre-installed
configure:15349: checking whether to enable maintainer-specific portions of Makefiles
configure:15358: result: no
configure:15593: creating ./config.status

## ---------------------- ##
## Running config.status. ##
## ---------------------- ##

This file was extended by config.status, which was
generated by GNU Autoconf 2.69.  Invocation command line was

  CONFIG_FILES    = 
  CONFIG_HEADERS  = 
  CONFIG_LINKS    = 
  CONFIG_COMMANDS = 
  $ ./config.status 

on ws-032fc029-e135-4b5f-9ff4-63995f0df887

config.status:1015: creating Makefile

## ---------------- ##
## Cache variables. ##
## ---------------- ##

ac_cv_build=x86_64-pc-linux-gnu
ac_cv_c_compiler_gnu=yes
ac_cv_cxx_compiler_gnu=yes
ac_cv_env_AR_FOR_TARGET_set=
ac_cv_env_AR_FOR_TARGET_value=
ac_cv_env_AR_set=
ac_cv_env_AR_value=
ac_cv_env_AS_FOR_TARGET_set=
ac_cv_env_AS_FOR_TARGET_value=
ac_cv_env_AS_set=
ac_cv_env_AS_value=
ac_cv_env_CCC_set=
ac_cv_env_CCC_value=
ac_cv_env_CC_FOR_TARGET_set=
ac_cv_env_CC_FOR_TARGET_value=
ac_cv_env_CC_set=
ac_cv_env_CC_value=
ac_cv_env_CFLAGS_set=set
ac_cv_env_CFLAGS_value=-H
ac_cv_env_CPPFLAGS_set=
ac_cv_env_CPPFLAGS_value=
ac_cv_env_CXXFLAGS_set=
ac_cv_env_CXXFLAGS_value=
ac_cv_env_CXX_FOR_TARGET_set=
ac_cv_env_CXX_FOR_TARGET_value=
ac_cv_env_CXX_set=
ac_cv_env_CXX_value=
ac_cv_env_DLLTOOL_FOR_TARGET_set=
ac_cv_env_DLLTOOL_FOR_TARGET_value=
ac_cv_env_DLLTOOL_set=
ac_cv_env_DLLTOOL_value=
ac_cv_env_GCC_FOR_TARGET_set=
ac_cv_env_GCC_FOR_TARGET_value=
ac_cv_env_GDC_FOR_TARGET_set=
ac_cv_env_GDC_FOR_TARGET_value=
ac_cv_env_GFORTRAN_FOR_TARGET_set=
ac_cv_env_GFORTRAN_FOR_TARGET_value=
ac_cv_env_GOC_FOR_TARGET_set=
ac_cv_env_GOC_FOR_TARGET_value=
ac_cv_env_LDFLAGS_set=
ac_cv_env_LDFLAGS_value=
ac_cv_env_LD_FOR_TARGET_set=
ac_cv_env_LD_FOR_TARGET_value=
ac_cv_env_LD_set=
ac_cv_env_LD_value=
ac_cv_env_LIBS_set=
ac_cv_env_LIBS_value=
ac_cv_env_LIPO_FOR_TARGET_set=
ac_cv_env_LIPO_FOR_TARGET_value=
ac_cv_env_LIPO_set=
ac_cv_env_LIPO_value=
ac_cv_env_NM_FOR_TARGET_set=
ac_cv_env_NM_FOR_TARGET_value=
ac_cv_env_NM_set=
ac_cv_env_NM_value=
ac_cv_env_OBJCOPY_FOR_TARGET_set=
ac_cv_env_OBJCOPY_FOR_TARGET_value=
ac_cv_env_OBJCOPY_set=
ac_cv_env_OBJCOPY_value=
ac_cv_env_OBJDUMP_FOR_TARGET_set=
ac_cv_env_OBJDUMP_FOR_TARGET_value=
ac_cv_env_OBJDUMP_set=
ac_cv_env_OBJDUMP_value=
ac_cv_env_OTOOL_FOR_TARGET_set=
ac_cv_env_OTOOL_FOR_TARGET_value=
ac_cv_env_OTOOL_set=
ac_cv_env_OTOOL_value=
ac_cv_env_RANLIB_FOR_TARGET_set=
ac_cv_env_RANLIB_FOR_TARGET_value=
ac_cv_env_RANLIB_set=
ac_cv_env_RANLIB_value=
ac_cv_env_READELF_FOR_TARGET_set=
ac_cv_env_READELF_FOR_TARGET_value=
ac_cv_env_READELF_set=
ac_cv_env_READELF_value=
ac_cv_env_STRIP_FOR_TARGET_set=
ac_cv_env_STRIP_FOR_TARGET_value=
ac_cv_env_STRIP_set=
ac_cv_env_STRIP_value=
ac_cv_env_WINDMC_FOR_TARGET_set=
ac_cv_env_WINDMC_FOR_TARGET_value=
ac_cv_env_WINDMC_set=
ac_cv_env_WINDMC_value=
ac_cv_env_WINDRES_FOR_TARGET_set=
ac_cv_env_WINDRES_FOR_TARGET_value=
ac_cv_env_WINDRES_set=
ac_cv_env_WINDRES_value=
ac_cv_env_build_alias_set=
ac_cv_env_build_alias_value=
ac_cv_env_build_configargs_set=
ac_cv_env_build_configargs_value=
ac_cv_env_host_alias_set=
ac_cv_env_host_alias_value=
ac_cv_env_host_configargs_set=
ac_cv_env_host_configargs_value=
ac_cv_env_target_alias_set=set
ac_cv_env_target_alias_value=x86_64-lfs-linux-gnu
ac_cv_env_target_configargs_set=
ac_cv_env_target_configargs_value=
ac_cv_host=x86_64-pc-linux-gnu
ac_cv_objext=o
ac_cv_path_SED=/usr/bin/sed
ac_cv_path_install='/usr/bin/install -c'
ac_cv_prog_AR=ar
ac_cv_prog_AS=as
ac_cv_prog_AWK=gawk
ac_cv_prog_BISON=bison
ac_cv_prog_LD=ld
ac_cv_prog_M4=m4
ac_cv_prog_NM=nm
ac_cv_prog_OBJCOPY=objcopy
ac_cv_prog_OBJDUMP=objdump
ac_cv_prog_RANLIB=ranlib
ac_cv_prog_READELF=readelf
ac_cv_prog_STRIP=strip
ac_cv_prog_YACC='bison -y'
ac_cv_prog_ac_ct_CC=gcc
ac_cv_prog_ac_ct_CXX=g++
ac_cv_prog_cc_c89=
ac_cv_prog_cc_g=yes
ac_cv_prog_cxx_g=yes
ac_cv_target=x86_64-lfs-linux-gnu
acx_cv_cc_gcc_supports_ada=no
acx_cv_prog_LN=ln
gcc_cv_isl=no
gcc_cv_prog_cmp_skip='cmp --ignore-initial=16 $$f1 $$f2'
gcc_cv_tool_dirs=/usr/local/libexec/gcc/x86_64-lfs-linux-gnu/10.2.0:/usr/local/libexec/gcc/x86_64-lfs-linux-gnu:/usr/lib/gcc/x86_64-lfs-linux-gnu/10.2.0:/usr/lib/gcc/x86_64-lfs-linux-gnu:/usr/local/x86_64-lfs-linux-gnu/bin/x86_64-lfs-linux-gnu/10.2.0:/usr/local/x86_64-lfs-linux-gnu/bin:
gcc_cv_tool_prefix=/usr/local
lt_cv_objdir=.libs

## ----------------- ##
## Output variables. ##
## ----------------- ##

AR='ar'
AR_FOR_BUILD='$(AR)'
AR_FOR_TARGET='x86_64-lfs-linux-gnu-ar'
AS='as'
AS_FOR_BUILD='$(AS)'
AS_FOR_TARGET='x86_64-lfs-linux-gnu-as'
AWK='gawk'
BISON='bison'
BUILD_CONFIG=''
CC='gcc'
CC_FOR_BUILD='$(CC)'
CC_FOR_TARGET='$$r/$(HOST_SUBDIR)/gcc/xgcc -B$$r/$(HOST_SUBDIR)/gcc/'
CFLAGS='-H'
CFLAGS_FOR_BUILD='-H'
CFLAGS_FOR_TARGET='-g -O2'
COMPILER_AS_FOR_TARGET='$$r/$(HOST_SUBDIR)/gcc/as'
COMPILER_LD_FOR_TARGET='$$r/$(HOST_SUBDIR)/gcc/collect-ld'
COMPILER_NM_FOR_TARGET='$$r/$(HOST_SUBDIR)/gcc/nm'
CONFIGURE_GDB_TK=''
CPPFLAGS=''
CXX='g++'
CXXFLAGS='-g -O2'
CXXFLAGS_FOR_BUILD='-g -O2'
CXXFLAGS_FOR_TARGET='-g -O2'
CXX_FOR_BUILD='$(CXX)'
CXX_FOR_TARGET='$$r/$(HOST_SUBDIR)/gcc/xg++ -B$$r/$(HOST_SUBDIR)/gcc/ -nostdinc++ `if test -f $$r/$(TARGET_SUBDIR)/libstdc++-v3/scripts/testsuite_flags; then $(SHELL) $$r/$(TARGET_SUBDIR)/libstdc++-v3/scripts/testsuite_flags --build-includes; else echo -funconfigured-libstdc++-v3 ; fi` -L$$r/$(TARGET_SUBDIR)/libstdc++-v3/src -L$$r/$(TARGET_SUBDIR)/libstdc++-v3/src/.libs -L$$r/$(TARGET_SUBDIR)/libstdc++-v3/libsupc++/.libs'
DEBUG_PREFIX_CFLAGS_FOR_TARGET=''
DEFS='-DPACKAGE_NAME=\"\" -DPACKAGE_TARNAME=\"\" -DPACKAGE_VERSION=\"\" -DPACKAGE_STRING=\"\" -DPACKAGE_BUGREPORT=\"\" -DPACKAGE_URL=\"\" -DLT_OBJDIR=\".libs/\"'
DLLTOOL='dlltool'
DLLTOOL_FOR_BUILD='$(DLLTOOL)'
DLLTOOL_FOR_TARGET='x86_64-lfs-linux-gnu-dlltool'
ECHO_C=''
ECHO_N='-n'
ECHO_T=''
EXEEXT=''
EXPECT='expect'
FLAGS_FOR_TARGET=' -B$(build_tooldir)/bin/ -B$(build_tooldir)/lib/ -isystem $(build_tooldir)/include -isystem $(build_tooldir)/sys-include'
FLEX='/workspace/test/gogo/gcc-10.2.0/missing flex'
GCC_FOR_TARGET='$$r/$(HOST_SUBDIR)/gcc/xgcc -B$$r/$(HOST_SUBDIR)/gcc/'
GCC_SHLIB_SUBDIR=''
GDB_TK=''
GDC_FOR_BUILD='$(GDC)'
GDC_FOR_TARGET='x86_64-lfs-linux-gnu-gdc'
GFORTRAN_FOR_BUILD='$(GFORTRAN)'
GFORTRAN_FOR_TARGET='x86_64-lfs-linux-gnu-gfortran'
GNATBIND='no'
GNATMAKE='no'
GOC_FOR_BUILD='$(GOC)'
GOC_FOR_TARGET='x86_64-lfs-linux-gnu-gccgo'
INSTALL_DATA='${INSTALL} -m 644'
INSTALL_GDB_TK=''
INSTALL_PROGRAM='${INSTALL}'
INSTALL_SCRIPT='${INSTALL}'
LD='ld'
LDFLAGS=''
LDFLAGS_FOR_BUILD=''
LDFLAGS_FOR_TARGET=''
LD_FOR_BUILD='$(LD)'
LD_FOR_TARGET='x86_64-lfs-linux-gnu-ld'
LEX='/workspace/test/gogo/gcc-10.2.0/missing flex'
LIBOBJS=''
LIBS=''
LIPO='lipo'
LIPO_FOR_TARGET='x86_64-lfs-linux-gnu-lipo'
LN='ln'
LN_S='ln -s'
LTLIBOBJS=''
M4='m4'
MAINT='#'
MAINTAINER_MODE_FALSE=''
MAINTAINER_MODE_TRUE='#'
MAKEINFO='/workspace/test/gogo/gcc-10.2.0/missing makeinfo'
NM='nm'
NM_FOR_BUILD='$(NM)'
NM_FOR_TARGET='x86_64-lfs-linux-gnu-nm'
OBJCOPY='objcopy'
OBJCOPY_FOR_TARGET='x86_64-lfs-linux-gnu-objcopy'
OBJDUMP='objdump'
OBJDUMP_FOR_TARGET='x86_64-lfs-linux-gnu-objdump'
OBJEXT='o'
OTOOL='otool'
OTOOL_FOR_TARGET='x86_64-lfs-linux-gnu-otool'
PACKAGE_BUGREPORT=''
PACKAGE_NAME=''
PACKAGE_STRING=''
PACKAGE_TARNAME=''
PACKAGE_URL=''
PACKAGE_VERSION=''
PATH_SEPARATOR=':'
RANLIB='ranlib'
RANLIB_FOR_BUILD='$(RANLIB)'
RANLIB_FOR_TARGET='x86_64-lfs-linux-gnu-ranlib'
RAW_CXX_FOR_TARGET='$$r/$(HOST_SUBDIR)/gcc/xgcc -shared-libgcc -B$$r/$(HOST_SUBDIR)/gcc -nostdinc++ -L$$r/$(TARGET_SUBDIR)/libstdc++-v3/src -L$$r/$(TARGET_SUBDIR)/libstdc++-v3/src/.libs -L$$r/$(TARGET_SUBDIR)/libstdc++-v3/libsupc++/.libs'
READELF='readelf'
READELF_FOR_TARGET='x86_64-lfs-linux-gnu-readelf'
RPATH_ENVVAR='LD_LIBRARY_PATH'
RUNTEST='runtest'
SED='/usr/bin/sed'
SHELL='/bin/bash'
STRIP='strip'
STRIP_FOR_TARGET='x86_64-lfs-linux-gnu-strip'
SYSROOT_CFLAGS_FOR_TARGET=''
TOPLEVEL_CONFIGURE_ARGUMENTS='../configure --target=x86_64-lfs-linux-gnu --with-glibc-version=2.11 --with-newlib --without-headers --enable-initfini-array --disable-nls --disable-shared --disable-multilib --disable-decimal-float --disable-threads --disable-libatomic --disable-libgomp --disable-libquadmath --disable-libssp --disable-libvtv --disable-libstdcxx --enable-languages=c,c++'
WINDMC='windmc'
WINDMC_FOR_BUILD='$(WINDMC)'
WINDMC_FOR_TARGET='x86_64-lfs-linux-gnu-windmc'
WINDRES='windres'
WINDRES_FOR_BUILD='$(WINDRES)'
WINDRES_FOR_TARGET='x86_64-lfs-linux-gnu-windres'
YACC='bison -y'
ac_ct_CC='gcc'
ac_ct_CXX='g++'
bindir='${exec_prefix}/bin'
build='x86_64-pc-linux-gnu'
build_alias=''
build_configargs=' --cache-file=./config.cache '\''--with-glibc-version=2.11'\'' '\''--with-newlib'\'' '\''--without-headers'\'' '\''--enable-initfini-array'\'' '\''--disable-nls'\'' '\''--disable-shared'\'' '\''--disable-multilib'\'' '\''--disable-decimal-float'\'' '\''--disable-threads'\'' '\''--disable-libatomic'\'' '\''--disable-libgomp'\'' '\''--disable-libquadmath'\'' '\''--disable-libssp'\'' '\''--disable-libvtv'\'' '\''--disable-libstdcxx'\'' '\''--enable-languages=c,c++,lto'\'' --program-transform-name='\''s&^&x86_64-lfs-linux-gnu-&'\'' --disable-option-checking'
build_configdirs=' libiberty libcpp fixincludes'
build_cpu='x86_64'
build_libsubdir='build-x86_64-pc-linux-gnu'
build_noncanonical='x86_64-pc-linux-gnu'
build_os='linux-gnu'
build_subdir='build-x86_64-pc-linux-gnu'
build_tooldir='${exec_prefix}/x86_64-lfs-linux-gnu'
build_vendor='pc'
compare_exclusions='gcc/cc*-checksum$(objext) | gcc/ada/*tools/*'
configdirs=' intl libiberty zlib libbacktrace libcpp libdecnumber gmp mpfr mpc fixincludes gcc libcc1 lto-plugin'
datadir='${datarootdir}'
datarootdir='${prefix}/share'
do_compare='cmp --ignore-initial=16 $$f1 $$f2'
docdir='${datarootdir}/doc/${PACKAGE}'
dvidir='${docdir}'
exec_prefix='${prefix}'
extra_host_libiberty_configure_flags='--enable-shared'
extra_host_zlib_configure_flags=''
extra_isl_gmp_configure_flags='--with-gmp-builddir=$$r/$(HOST_SUBDIR)/gmp'
extra_liboffloadmic_configure_flags=''
extra_linker_plugin_configure_flags=''
extra_linker_plugin_flags=''
extra_mpc_gmp_configure_flags='--with-gmp-include=$$r/$(HOST_SUBDIR)/gmp --with-gmp-lib=$$r/$(HOST_SUBDIR)/gmp/.libs'
extra_mpc_mpfr_configure_flags='--with-mpfr-include=$$s/mpfr/src --with-mpfr-lib=$$r/$(HOST_SUBDIR)/mpfr/src/.libs'
extra_mpfr_configure_flags='--with-gmp-include=$$r/$(HOST_SUBDIR)/gmp --with-gmp-lib=$$r/$(HOST_SUBDIR)/gmp/.libs'
get_gcc_base_ver='cat'
gmpinc='-I$$r/$(HOST_SUBDIR)/gmp -I$$s/gmp -I$$r/$(HOST_SUBDIR)/mpfr/src -I$$s/mpfr/src -I$$s/mpc/src '
gmplibs='-L$$r/$(HOST_SUBDIR)/gmp/.libs -L$$r/$(HOST_SUBDIR)/mpfr/src/.libs -L$$r/$(HOST_SUBDIR)/mpc/src/.libs -lmpc -lmpfr -lgmp'
host='x86_64-pc-linux-gnu'
host_alias=''
host_configargs=' --cache-file=./config.cache  '\''--with-glibc-version=2.11'\'' '\''--with-newlib'\'' '\''--without-headers'\'' '\''--enable-initfini-array'\'' '\''--disable-nls'\'' '\''--disable-shared'\'' '\''--disable-multilib'\'' '\''--disable-decimal-float'\'' '\''--disable-threads'\'' '\''--disable-libatomic'\'' '\''--disable-libgomp'\'' '\''--disable-libquadmath'\'' '\''--disable-libssp'\'' '\''--disable-libvtv'\'' '\''--disable-libstdcxx'\'' '\''--enable-languages=c,c++,lto'\'' --program-transform-name='\''s&^&x86_64-lfs-linux-gnu-&'\'' --disable-option-checking'
host_cpu='x86_64'
host_noncanonical='x86_64-pc-linux-gnu'
host_os='linux-gnu'
host_shared='no'
host_subdir='.'
host_vendor='pc'
htmldir='${docdir}'
includedir='${prefix}/include'
infodir='${datarootdir}/info'
islinc=''
isllibs=''
libdir='${exec_prefix}/lib'
libexecdir='${exec_prefix}/libexec'
localedir='${datarootdir}/locale'
localstatedir='${prefix}/var'
mandir='${datarootdir}/man'
oldincludedir='/usr/include'
pdfdir='${docdir}'
poststage1_ldflags='-static-libstdc++ -static-libgcc'
poststage1_libs=''
prefix='/usr/local'
program_transform_name='s&^&x86_64-lfs-linux-gnu-&'
psdir='${docdir}'
sbindir='${exec_prefix}/sbin'
sharedstatedir='${prefix}/com'
stage1_cflags='-g'
stage1_checking='--enable-checking=yes,types'
stage1_languages='c,c++,lto'
stage1_ldflags='-static-libstdc++ -static-libgcc'
stage1_libs=''
stage2_werror_flag=''
sysconfdir='${prefix}/etc'
target='x86_64-lfs-linux-gnu'
target_alias='x86_64-lfs-linux-gnu'
target_configargs='--cache-file=./config.cache --with-cross-host=x86_64-pc-linux-gnu   '\''--with-glibc-version=2.11'\'' '\''--with-newlib'\'' '\''--without-headers'\'' '\''--enable-initfini-array'\'' '\''--disable-nls'\'' '\''--disable-shared'\'' '\''--disable-multilib'\'' '\''--disable-decimal-float'\'' '\''--disable-threads'\'' '\''--disable-libatomic'\'' '\''--disable-libgomp'\'' '\''--disable-libquadmath'\'' '\''--disable-libssp'\'' '\''--disable-libvtv'\'' '\''--disable-libstdcxx'\'' '\''--enable-languages=c,c++,lto'\'' --program-transform-name='\''s&^&x86_64-lfs-linux-gnu-&'\'' --disable-option-checking'
target_configdirs=' libgcc'
target_cpu='x86_64'
target_noncanonical='x86_64-lfs-linux-gnu'
target_os='linux-gnu'
target_subdir='x86_64-lfs-linux-gnu'
target_vendor='lfs'
tooldir='${exec_prefix}/x86_64-lfs-linux-gnu'

## ------------------- ##
## File substitutions. ##
## ------------------- ##

alphaieee_frag='/dev/null'
host_makefile_frag='/dev/null'
ospace_frag='/dev/null'
serialization_dependencies='serdep.tmp'
target_makefile_frag='../config/mt-gnu'

## ----------- ##
## confdefs.h. ##
## ----------- ##

/* confdefs.h */
#define PACKAGE_NAME ""
#define PACKAGE_TARNAME ""
#define PACKAGE_VERSION ""
#define PACKAGE_STRING ""
#define PACKAGE_BUGREPORT ""
#define PACKAGE_URL ""
#define LT_OBJDIR ".libs/"

configure: exit 0
